#
# There is insufficient memory for the Java Runtime Environment to continue.
# Native memory allocation (mmap) failed to map 65536 bytes for Failed to commit metaspace.
# Possible reasons:
#   The system is out of physical RAM or swap space
#   The process is running with CompressedOops enabled, and the Java Heap may be blocking the growth of the native heap
# Possible solutions:
#   Reduce memory load on the system
#   Increase physical memory or swap space
#   Check if swap backing store is full
#   Decrease Java heap size (-Xmx/-Xms)
#   Decrease number of Java threads
#   Decrease Java thread stack sizes (-Xss)
#   Set larger code cache with -XX:ReservedCodeCacheSize=
#   JVM is running with Unscaled Compressed Oops mode in which the Java heap is
#     placed in the first 4GB address space. The Java Heap base address is the
#     maximum limit for the native heap growth. Please use -XX:HeapBaseMinAddress
#     to set the Java Heap base and to place the Java Heap above 4GB virtual address.
# This output file may be truncated or incomplete.
#
#  Out of Memory Error (virtualSpaceNode.cpp:108), pid=4780, tid=12240
#
# JRE version: OpenJDK Runtime Environment Corretto-16.0.1.9.1 (16.0.1+9) (build 16.0.1+9)
# Java VM: OpenJDK 64-Bit Server VM Corretto-16.0.1.9.1 (16.0.1+9, mixed mode, sharing, tiered, compressed oops, compressed class ptrs, g1 gc, windows-amd64)
# No core dump will be written. Minidumps are not enabled by default on client versions of Windows
#

---------------  S U M M A R Y ------------

Command Line: -javaagent:D:\programs\IntelliJ IDEA 2021.1.2\lib\idea_rt.jar=64567:D:\programs\IntelliJ IDEA 2021.1.2\bin -Dfile.encoding=UTF-8 --module-path=D:\projects\java\Base de datos\target\classes;C:\Users\leona\.m2\repository\org\openjfx\javafx-controls\16\javafx-controls-16.jar;C:\Users\leona\.m2\repository\org\openjfx\javafx-controls\16\javafx-controls-16-win.jar;C:\Users\leona\.m2\repository\org\openjfx\javafx-graphics\16\javafx-graphics-16.jar;C:\Users\leona\.m2\repository\org\openjfx\javafx-graphics\16\javafx-graphics-16-win.jar;C:\Users\leona\.m2\repository\org\openjfx\javafx-base\16\javafx-base-16.jar;C:\Users\leona\.m2\repository\org\openjfx\javafx-base\16\javafx-base-16-win.jar;C:\Users\leona\.m2\repository\org\openjfx\javafx-fxml\16\javafx-fxml-16.jar;C:\Users\leona\.m2\repository\org\openjfx\javafx-fxml\16\javafx-fxml-16-win.jar;C:\Users\leona\.m2\repository\org\mongodb\mongodb-driver-sync\4.3.0-beta4\mongodb-driver-sync-4.3.0-beta4.jar;C:\Users\leona\.m2\repository\org\mongodb\bson\4.3.0-beta4\bson-4.3.0-beta4.jar;C:\Users\leona\.m2\repository\org\mongodb\mongodb-driver-core\4.3.0-beta4\mongodb-driver-core-4.3.0-beta4.jar;C:\Users\leona\.m2\repository\org\slf4j\slf4j-api\1.7.31\slf4j-api-1.7.31.jar -Djdk.module.main=org.example org.example/com.leboroz.data.MongoCon

Host: Intel(R) Pentium(R) CPU G620 @ 2.60GHz, 2 cores, 5G,  Windows 10 , 64 bit Build 18362 (10.0.18362.1500)
Time: Sun Jul 18 13:09:57 2021 Venezuela Standard Time elapsed time: 1.127077 seconds (0d 0h 0m 1s)

---------------  T H R E A D  ---------------

Current thread (0x0000019f5be7e6b0):  JavaThread "Attach Listener" daemon [_thread_in_vm, id=12240, stack(0x0000003cc6800000,0x0000003cc6900000)]

Stack: [0x0000003cc6800000,0x0000003cc6900000]
Native frames: (J=compiled Java code, j=interpreted, Vv=VM code, C=native code)
V  [jvm.dll+0x647c6a]
V  [jvm.dll+0x7f0369]
V  [jvm.dll+0x7f1af3]
V  [jvm.dll+0x7f2143]
V  [jvm.dll+0x23dff8]
V  [jvm.dll+0x7ecbab]
V  [jvm.dll+0x5ef0b6]
V  [jvm.dll+0x5ef11a]
V  [jvm.dll+0x5f1608]
V  [jvm.dll+0x5ef9b1]
V  [jvm.dll+0x6000d9]
V  [jvm.dll+0x5f96ac]
V  [jvm.dll+0x36c4fa]
C  0x0000019f4755cad2

Java frames: (J=compiled Java code, j=interpreted, Vv=VM code)
j  sun.nio.cs.StreamEncoder.implFlush()V+0 java.base@16.0.1
j  sun.nio.cs.StreamEncoder.flush()V+12 java.base@16.0.1
j  java.io.OutputStreamWriter.flush()V+4 java.base@16.0.1
j  java.io.BufferedWriter.flush()V+15 java.base@16.0.1
j  java.util.Properties.store0(Ljava/io/BufferedWriter;Ljava/lang/String;Z)V+178 java.base@16.0.1
j  java.util.Properties.store(Ljava/io/OutputStream;Ljava/lang/String;)V+21 java.base@16.0.1
j  jdk.internal.vm.VMSupport.serializePropertiesToByteArray(Ljava/util/Properties;)[B+77 java.base@16.0.1
j  jdk.internal.vm.VMSupport.serializeAgentPropertiesToByteArray()[B+3 java.base@16.0.1
v  ~StubRoutines::call_stub

---------------  P R O C E S S  ---------------

Threads class SMR info:
_java_thread_list=0x0000019f5cb7ac30, length=14, elements={
0x0000019f3eb97d00, 0x0000019f3ec69af0, 0x0000019f3ec6e8e0, 0x0000019f5be7dda0,
0x0000019f5be7e6b0, 0x0000019f5be7f0c0, 0x0000019f5be819e0, 0x0000019f5be826d0,
0x0000019f5be850e0, 0x0000019f5be8a1f0, 0x0000019f5c840040, 0x0000019f5c926640,
0x0000019f5c926b60, 0x0000019f5cb19ec0
}

Java Threads: ( => current thread )
  0x0000019f3eb97d00 JavaThread "main" [_thread_in_native, id=3340, stack(0x0000003cc5e00000,0x0000003cc5f00000)]
  0x0000019f3ec69af0 JavaThread "Reference Handler" daemon [_thread_blocked, id=10904, stack(0x0000003cc6500000,0x0000003cc6600000)]
  0x0000019f3ec6e8e0 JavaThread "Finalizer" daemon [_thread_blocked, id=11536, stack(0x0000003cc6600000,0x0000003cc6700000)]
  0x0000019f5be7dda0 JavaThread "Signal Dispatcher" daemon [_thread_blocked, id=7712, stack(0x0000003cc6700000,0x0000003cc6800000)]
=>0x0000019f5be7e6b0 JavaThread "Attach Listener" daemon [_thread_in_vm, id=12240, stack(0x0000003cc6800000,0x0000003cc6900000)]
  0x0000019f5be7f0c0 JavaThread "Service Thread" daemon [_thread_blocked, id=3632, stack(0x0000003cc6900000,0x0000003cc6a00000)]
  0x0000019f5be819e0 JavaThread "Monitor Deflation Thread" daemon [_thread_blocked, id=2604, stack(0x0000003cc6a00000,0x0000003cc6b00000)]
  0x0000019f5be826d0 JavaThread "C2 CompilerThread0" daemon [_thread_blocked, id=4504, stack(0x0000003cc6b00000,0x0000003cc6c00000)]
  0x0000019f5be850e0 JavaThread "C1 CompilerThread0" daemon [_thread_blocked, id=2140, stack(0x0000003cc6c00000,0x0000003cc6d00000)]
  0x0000019f5be8a1f0 JavaThread "Sweeper thread" daemon [_thread_blocked, id=10052, stack(0x0000003cc6d00000,0x0000003cc6e00000)]
  0x0000019f5c840040 JavaThread "Common-Cleaner" daemon [_thread_blocked, id=8776, stack(0x0000003cc6e00000,0x0000003cc6f00000)]
  0x0000019f5c926640 JavaThread "Monitor Ctrl-Break" daemon [_thread_in_native, id=9324, stack(0x0000003cc7000000,0x0000003cc7100000)]
  0x0000019f5c926b60 JavaThread "Notification Thread" daemon [_thread_blocked, id=11512, stack(0x0000003cc7100000,0x0000003cc7200000)]
  0x0000019f5cb19ec0 JavaThread "Thread-0" daemon [_thread_in_native, id=11752, stack(0x0000003cc7300000,0x0000003cc7400000)]

Other Threads:
  0x0000019f3ec62e10 VMThread "VM Thread" [stack: 0x0000003cc6400000,0x0000003cc6500000] [id=5236]
  0x0000019f3eb98b10 WatcherThread [stack: 0x0000003cc7200000,0x0000003cc7300000] [id=10884]
  0x0000019f3ebcd8b0 GCTaskThread "GC Thread#0" [stack: 0x0000003cc5f00000,0x0000003cc6000000] [id=10920]
  0x0000019f5c8a0770 GCTaskThread "GC Thread#1" [stack: 0x0000003cc6f00000,0x0000003cc7000000] [id=2544]
  0x0000019f3ebdbb90 ConcurrentGCThread "G1 Main Marker" [stack: 0x0000003cc6000000,0x0000003cc6100000] [id=2660]
  0x0000019f3ebdd520 ConcurrentGCThread "G1 Conc#0" [stack: 0x0000003cc6100000,0x0000003cc6200000] [id=7880]
  0x0000019f3ec34b50 ConcurrentGCThread "G1 Refine#0" [stack: 0x0000003cc6200000,0x0000003cc6300000] [id=11352]
  0x0000019f3ec354e0 ConcurrentGCThread "G1 Service" [stack: 0x0000003cc6300000,0x0000003cc6400000] [id=10300]

Threads with active compile tasks:

VM state: not at safepoint (normal execution)

VM Mutex/Monitor currently owned by a thread:  ([mutex/lock_event])
[0x0000019f3eb89620] MetaspaceExpand_lock - owner thread: 0x0000019f5be7e6b0

Heap address: 0x00000000a0400000, size: 1532 MB, Compressed Oops mode: 32-bit

CDS archive(s) mapped at: [0x0000000800000000-0x0000000800be0000-0x0000000800be0000), size 12451840, SharedBaseAddress: 0x0000000800000000, ArchiveRelocationMode: 0.
Compressed class space mapped at: 0x0000000800c00000-0x0000000840c00000, reserved size: 1073741824
Narrow klass base: 0x0000000800000000, Narrow klass shift: 3, Narrow klass range: 0x100000000

GC Precious Log:
 CPUs: 2 total, 2 available
 Memory: 6126M
 Large Page Support: Disabled
 NUMA Support: Disabled
 Compressed Oops: Enabled (32-bit)
 Heap Region Size: 1M
 Heap Min Capacity: 8M
 Heap Initial Capacity: 96M
 Heap Max Capacity: 1532M
 Pre-touch: Disabled
 Parallel Workers: 2
 Concurrent Workers: 1
 Concurrent Refinement Workers: 2
 Periodic GC: Disabled

Heap:
 garbage-first heap   total 98304K, used 4940K [0x00000000a0400000, 0x0000000100000000)
  region size 1024K, 7 young (7168K), 1 survivors (1024K)
 Metaspace       used 3206K, committed 3328K, reserved 1056768K
  class space    used 294K, committed 384K, reserved 1048576K

Heap Regions: E=young(eden), S=young(survivor), O=old, HS=humongous(starts), HC=humongous(continues), CS=collection set, F=free, OA=open archive, CA=closed archive, TAMS=top-at-mark-start (previous, next)
|   0|0x00000000a0400000, 0x00000000a0400000, 0x00000000a0500000|  0%| F|  |TAMS 0x00000000a0400000, 0x00000000a0400000| Untracked 
|   1|0x00000000a0500000, 0x00000000a0500000, 0x00000000a0600000|  0%| F|  |TAMS 0x00000000a0500000, 0x00000000a0500000| Untracked 
|   2|0x00000000a0600000, 0x00000000a0600000, 0x00000000a0700000|  0%| F|  |TAMS 0x00000000a0600000, 0x00000000a0600000| Untracked 
|   3|0x00000000a0700000, 0x00000000a0700000, 0x00000000a0800000|  0%| F|  |TAMS 0x00000000a0700000, 0x00000000a0700000| Untracked 
|   4|0x00000000a0800000, 0x00000000a0800000, 0x00000000a0900000|  0%| F|  |TAMS 0x00000000a0800000, 0x00000000a0800000| Untracked 
|   5|0x00000000a0900000, 0x00000000a0900000, 0x00000000a0a00000|  0%| F|  |TAMS 0x00000000a0900000, 0x00000000a0900000| Untracked 
|   6|0x00000000a0a00000, 0x00000000a0a00000, 0x00000000a0b00000|  0%| F|  |TAMS 0x00000000a0a00000, 0x00000000a0a00000| Untracked 
|   7|0x00000000a0b00000, 0x00000000a0b00000, 0x00000000a0c00000|  0%| F|  |TAMS 0x00000000a0b00000, 0x00000000a0b00000| Untracked 
|   8|0x00000000a0c00000, 0x00000000a0c00000, 0x00000000a0d00000|  0%| F|  |TAMS 0x00000000a0c00000, 0x00000000a0c00000| Untracked 
|   9|0x00000000a0d00000, 0x00000000a0d00000, 0x00000000a0e00000|  0%| F|  |TAMS 0x00000000a0d00000, 0x00000000a0d00000| Untracked 
|  10|0x00000000a0e00000, 0x00000000a0e00000, 0x00000000a0f00000|  0%| F|  |TAMS 0x00000000a0e00000, 0x00000000a0e00000| Untracked 
|  11|0x00000000a0f00000, 0x00000000a0f00000, 0x00000000a1000000|  0%| F|  |TAMS 0x00000000a0f00000, 0x00000000a0f00000| Untracked 
|  12|0x00000000a1000000, 0x00000000a1000000, 0x00000000a1100000|  0%| F|  |TAMS 0x00000000a1000000, 0x00000000a1000000| Untracked 
|  13|0x00000000a1100000, 0x00000000a1100000, 0x00000000a1200000|  0%| F|  |TAMS 0x00000000a1100000, 0x00000000a1100000| Untracked 
|  14|0x00000000a1200000, 0x00000000a1200000, 0x00000000a1300000|  0%| F|  |TAMS 0x00000000a1200000, 0x00000000a1200000| Untracked 
|  15|0x00000000a1300000, 0x00000000a1300000, 0x00000000a1400000|  0%| F|  |TAMS 0x00000000a1300000, 0x00000000a1300000| Untracked 
|  16|0x00000000a1400000, 0x00000000a1400000, 0x00000000a1500000|  0%| F|  |TAMS 0x00000000a1400000, 0x00000000a1400000| Untracked 
|  17|0x00000000a1500000, 0x00000000a1500000, 0x00000000a1600000|  0%| F|  |TAMS 0x00000000a1500000, 0x00000000a1500000| Untracked 
|  18|0x00000000a1600000, 0x00000000a1600000, 0x00000000a1700000|  0%| F|  |TAMS 0x00000000a1600000, 0x00000000a1600000| Untracked 
|  19|0x00000000a1700000, 0x00000000a1700000, 0x00000000a1800000|  0%| F|  |TAMS 0x00000000a1700000, 0x00000000a1700000| Untracked 
|  20|0x00000000a1800000, 0x00000000a1800000, 0x00000000a1900000|  0%| F|  |TAMS 0x00000000a1800000, 0x00000000a1800000| Untracked 
|  21|0x00000000a1900000, 0x00000000a1900000, 0x00000000a1a00000|  0%| F|  |TAMS 0x00000000a1900000, 0x00000000a1900000| Untracked 
|  22|0x00000000a1a00000, 0x00000000a1a00000, 0x00000000a1b00000|  0%| F|  |TAMS 0x00000000a1a00000, 0x00000000a1a00000| Untracked 
|  23|0x00000000a1b00000, 0x00000000a1b00000, 0x00000000a1c00000|  0%| F|  |TAMS 0x00000000a1b00000, 0x00000000a1b00000| Untracked 
|  24|0x00000000a1c00000, 0x00000000a1c00000, 0x00000000a1d00000|  0%| F|  |TAMS 0x00000000a1c00000, 0x00000000a1c00000| Untracked 
|  25|0x00000000a1d00000, 0x00000000a1d00000, 0x00000000a1e00000|  0%| F|  |TAMS 0x00000000a1d00000, 0x00000000a1d00000| Untracked 
|  26|0x00000000a1e00000, 0x00000000a1e00000, 0x00000000a1f00000|  0%| F|  |TAMS 0x00000000a1e00000, 0x00000000a1e00000| Untracked 
|  27|0x00000000a1f00000, 0x00000000a1f00000, 0x00000000a2000000|  0%| F|  |TAMS 0x00000000a1f00000, 0x00000000a1f00000| Untracked 
|  28|0x00000000a2000000, 0x00000000a2000000, 0x00000000a2100000|  0%| F|  |TAMS 0x00000000a2000000, 0x00000000a2000000| Untracked 
|  29|0x00000000a2100000, 0x00000000a2100000, 0x00000000a2200000|  0%| F|  |TAMS 0x00000000a2100000, 0x00000000a2100000| Untracked 
|  30|0x00000000a2200000, 0x00000000a2200000, 0x00000000a2300000|  0%| F|  |TAMS 0x00000000a2200000, 0x00000000a2200000| Untracked 
|  31|0x00000000a2300000, 0x00000000a2300000, 0x00000000a2400000|  0%| F|  |TAMS 0x00000000a2300000, 0x00000000a2300000| Untracked 
|  32|0x00000000a2400000, 0x00000000a2400000, 0x00000000a2500000|  0%| F|  |TAMS 0x00000000a2400000, 0x00000000a2400000| Untracked 
|  33|0x00000000a2500000, 0x00000000a2500000, 0x00000000a2600000|  0%| F|  |TAMS 0x00000000a2500000, 0x00000000a2500000| Untracked 
|  34|0x00000000a2600000, 0x00000000a2600000, 0x00000000a2700000|  0%| F|  |TAMS 0x00000000a2600000, 0x00000000a2600000| Untracked 
|  35|0x00000000a2700000, 0x00000000a2700000, 0x00000000a2800000|  0%| F|  |TAMS 0x00000000a2700000, 0x00000000a2700000| Untracked 
|  36|0x00000000a2800000, 0x00000000a2800000, 0x00000000a2900000|  0%| F|  |TAMS 0x00000000a2800000, 0x00000000a2800000| Untracked 
|  37|0x00000000a2900000, 0x00000000a2900000, 0x00000000a2a00000|  0%| F|  |TAMS 0x00000000a2900000, 0x00000000a2900000| Untracked 
|  38|0x00000000a2a00000, 0x00000000a2a00000, 0x00000000a2b00000|  0%| F|  |TAMS 0x00000000a2a00000, 0x00000000a2a00000| Untracked 
|  39|0x00000000a2b00000, 0x00000000a2b00000, 0x00000000a2c00000|  0%| F|  |TAMS 0x00000000a2b00000, 0x00000000a2b00000| Untracked 
|  40|0x00000000a2c00000, 0x00000000a2c00000, 0x00000000a2d00000|  0%| F|  |TAMS 0x00000000a2c00000, 0x00000000a2c00000| Untracked 
|  41|0x00000000a2d00000, 0x00000000a2d00000, 0x00000000a2e00000|  0%| F|  |TAMS 0x00000000a2d00000, 0x00000000a2d00000| Untracked 
|  42|0x00000000a2e00000, 0x00000000a2e00000, 0x00000000a2f00000|  0%| F|  |TAMS 0x00000000a2e00000, 0x00000000a2e00000| Untracked 
|  43|0x00000000a2f00000, 0x00000000a2f00000, 0x00000000a3000000|  0%| F|  |TAMS 0x00000000a2f00000, 0x00000000a2f00000| Untracked 
|  44|0x00000000a3000000, 0x00000000a3000000, 0x00000000a3100000|  0%| F|  |TAMS 0x00000000a3000000, 0x00000000a3000000| Untracked 
|  45|0x00000000a3100000, 0x00000000a3100000, 0x00000000a3200000|  0%| F|  |TAMS 0x00000000a3100000, 0x00000000a3100000| Untracked 
|  46|0x00000000a3200000, 0x00000000a3200000, 0x00000000a3300000|  0%| F|  |TAMS 0x00000000a3200000, 0x00000000a3200000| Untracked 
|  47|0x00000000a3300000, 0x00000000a3300000, 0x00000000a3400000|  0%| F|  |TAMS 0x00000000a3300000, 0x00000000a3300000| Untracked 
|  48|0x00000000a3400000, 0x00000000a3400000, 0x00000000a3500000|  0%| F|  |TAMS 0x00000000a3400000, 0x00000000a3400000| Untracked 
|  49|0x00000000a3500000, 0x00000000a3500000, 0x00000000a3600000|  0%| F|  |TAMS 0x00000000a3500000, 0x00000000a3500000| Untracked 
|  50|0x00000000a3600000, 0x00000000a3600000, 0x00000000a3700000|  0%| F|  |TAMS 0x00000000a3600000, 0x00000000a3600000| Untracked 
|  51|0x00000000a3700000, 0x00000000a3700000, 0x00000000a3800000|  0%| F|  |TAMS 0x00000000a3700000, 0x00000000a3700000| Untracked 
|  52|0x00000000a3800000, 0x00000000a3800000, 0x00000000a3900000|  0%| F|  |TAMS 0x00000000a3800000, 0x00000000a3800000| Untracked 
|  53|0x00000000a3900000, 0x00000000a3900000, 0x00000000a3a00000|  0%| F|  |TAMS 0x00000000a3900000, 0x00000000a3900000| Untracked 
|  54|0x00000000a3a00000, 0x00000000a3a00000, 0x00000000a3b00000|  0%| F|  |TAMS 0x00000000a3a00000, 0x00000000a3a00000| Untracked 
|  55|0x00000000a3b00000, 0x00000000a3b00000, 0x00000000a3c00000|  0%| F|  |TAMS 0x00000000a3b00000, 0x00000000a3b00000| Untracked 
|  56|0x00000000a3c00000, 0x00000000a3c00000, 0x00000000a3d00000|  0%| F|  |TAMS 0x00000000a3c00000, 0x00000000a3c00000| Untracked 
|  57|0x00000000a3d00000, 0x00000000a3d00000, 0x00000000a3e00000|  0%| F|  |TAMS 0x00000000a3d00000, 0x00000000a3d00000| Untracked 
|  58|0x00000000a3e00000, 0x00000000a3e00000, 0x00000000a3f00000|  0%| F|  |TAMS 0x00000000a3e00000, 0x00000000a3e00000| Untracked 
|  59|0x00000000a3f00000, 0x00000000a3f00000, 0x00000000a4000000|  0%| F|  |TAMS 0x00000000a3f00000, 0x00000000a3f00000| Untracked 
|  60|0x00000000a4000000, 0x00000000a4000000, 0x00000000a4100000|  0%| F|  |TAMS 0x00000000a4000000, 0x00000000a4000000| Untracked 
|  61|0x00000000a4100000, 0x00000000a4100000, 0x00000000a4200000|  0%| F|  |TAMS 0x00000000a4100000, 0x00000000a4100000| Untracked 
|  62|0x00000000a4200000, 0x00000000a4200000, 0x00000000a4300000|  0%| F|  |TAMS 0x00000000a4200000, 0x00000000a4200000| Untracked 
|  63|0x00000000a4300000, 0x00000000a4300000, 0x00000000a4400000|  0%| F|  |TAMS 0x00000000a4300000, 0x00000000a4300000| Untracked 
|  64|0x00000000a4400000, 0x00000000a4400000, 0x00000000a4500000|  0%| F|  |TAMS 0x00000000a4400000, 0x00000000a4400000| Untracked 
|  65|0x00000000a4500000, 0x00000000a4500000, 0x00000000a4600000|  0%| F|  |TAMS 0x00000000a4500000, 0x00000000a4500000| Untracked 
|  66|0x00000000a4600000, 0x00000000a4600000, 0x00000000a4700000|  0%| F|  |TAMS 0x00000000a4600000, 0x00000000a4600000| Untracked 
|  67|0x00000000a4700000, 0x00000000a4700000, 0x00000000a4800000|  0%| F|  |TAMS 0x00000000a4700000, 0x00000000a4700000| Untracked 
|  68|0x00000000a4800000, 0x00000000a4800000, 0x00000000a4900000|  0%| F|  |TAMS 0x00000000a4800000, 0x00000000a4800000| Untracked 
|  69|0x00000000a4900000, 0x00000000a4900000, 0x00000000a4a00000|  0%| F|  |TAMS 0x00000000a4900000, 0x00000000a4900000| Untracked 
|  70|0x00000000a4a00000, 0x00000000a4a00000, 0x00000000a4b00000|  0%| F|  |TAMS 0x00000000a4a00000, 0x00000000a4a00000| Untracked 
|  71|0x00000000a4b00000, 0x00000000a4b00000, 0x00000000a4c00000|  0%| F|  |TAMS 0x00000000a4b00000, 0x00000000a4b00000| Untracked 
|  72|0x00000000a4c00000, 0x00000000a4c00000, 0x00000000a4d00000|  0%| F|  |TAMS 0x00000000a4c00000, 0x00000000a4c00000| Untracked 
|  73|0x00000000a4d00000, 0x00000000a4d00000, 0x00000000a4e00000|  0%| F|  |TAMS 0x00000000a4d00000, 0x00000000a4d00000| Untracked 
|  74|0x00000000a4e00000, 0x00000000a4e00000, 0x00000000a4f00000|  0%| F|  |TAMS 0x00000000a4e00000, 0x00000000a4e00000| Untracked 
|  75|0x00000000a4f00000, 0x00000000a4f00000, 0x00000000a5000000|  0%| F|  |TAMS 0x00000000a4f00000, 0x00000000a4f00000| Untracked 
|  76|0x00000000a5000000, 0x00000000a5000000, 0x00000000a5100000|  0%| F|  |TAMS 0x00000000a5000000, 0x00000000a5000000| Untracked 
|  77|0x00000000a5100000, 0x00000000a5100000, 0x00000000a5200000|  0%| F|  |TAMS 0x00000000a5100000, 0x00000000a5100000| Untracked 
|  78|0x00000000a5200000, 0x00000000a5200000, 0x00000000a5300000|  0%| F|  |TAMS 0x00000000a5200000, 0x00000000a5200000| Untracked 
|  79|0x00000000a5300000, 0x00000000a5300000, 0x00000000a5400000|  0%| F|  |TAMS 0x00000000a5300000, 0x00000000a5300000| Untracked 
|  80|0x00000000a5400000, 0x00000000a5400000, 0x00000000a5500000|  0%| F|  |TAMS 0x00000000a5400000, 0x00000000a5400000| Untracked 
|  81|0x00000000a5500000, 0x00000000a5500000, 0x00000000a5600000|  0%| F|  |TAMS 0x00000000a5500000, 0x00000000a5500000| Untracked 
|  82|0x00000000a5600000, 0x00000000a5600000, 0x00000000a5700000|  0%| F|  |TAMS 0x00000000a5600000, 0x00000000a5600000| Untracked 
|  83|0x00000000a5700000, 0x00000000a5700000, 0x00000000a5800000|  0%| F|  |TAMS 0x00000000a5700000, 0x00000000a5700000| Untracked 
|  84|0x00000000a5800000, 0x00000000a5800000, 0x00000000a5900000|  0%| F|  |TAMS 0x00000000a5800000, 0x00000000a5800000| Untracked 
|  85|0x00000000a5900000, 0x00000000a5900000, 0x00000000a5a00000|  0%| F|  |TAMS 0x00000000a5900000, 0x00000000a5900000| Untracked 
|  86|0x00000000a5a00000, 0x00000000a5a00000, 0x00000000a5b00000|  0%| F|  |TAMS 0x00000000a5a00000, 0x00000000a5a00000| Untracked 
|  87|0x00000000a5b00000, 0x00000000a5b00000, 0x00000000a5c00000|  0%| F|  |TAMS 0x00000000a5b00000, 0x00000000a5b00000| Untracked 
|  88|0x00000000a5c00000, 0x00000000a5c00000, 0x00000000a5d00000|  0%| F|  |TAMS 0x00000000a5c00000, 0x00000000a5c00000| Untracked 
|  89|0x00000000a5d00000, 0x00000000a5dd3308, 0x00000000a5e00000| 82%| S|CS|TAMS 0x00000000a5d00000, 0x00000000a5d00000| Complete 
|  90|0x00000000a5e00000, 0x00000000a5ef9ed8, 0x00000000a5f00000| 97%| E|  |TAMS 0x00000000a5e00000, 0x00000000a5e00000| Complete 
|  91|0x00000000a5f00000, 0x00000000a6000000, 0x00000000a6000000|100%| E|CS|TAMS 0x00000000a5f00000, 0x00000000a5f00000| Complete 
|  92|0x00000000a6000000, 0x00000000a6100000, 0x00000000a6100000|100%| E|CS|TAMS 0x00000000a6000000, 0x00000000a6000000| Complete 
|  93|0x00000000a6100000, 0x00000000a61fffb8, 0x00000000a6200000| 99%| E|  |TAMS 0x00000000a6100000, 0x00000000a6100000| Complete 
|  94|0x00000000a6200000, 0x00000000a6300000, 0x00000000a6300000|100%| E|CS|TAMS 0x00000000a6200000, 0x00000000a6200000| Complete 
|  95|0x00000000a6300000, 0x00000000a6400000, 0x00000000a6400000|100%| E|CS|TAMS 0x00000000a6300000, 0x00000000a6300000| Complete 

Card table byte_map: [0x0000019f56550000,0x0000019f56850000] _byte_map_base: 0x0000019f5604e000

Marking Bits (Prev, Next): (CMBitMap*) 0x0000019f3ebcf240, (CMBitMap*) 0x0000019f3ebcf280
 Prev Bits: [0x0000019f56b50000, 0x0000019f58340000)
 Next Bits: [0x0000019f58340000, 0x0000019f59b30000)

Polling page: 0x0000019f3ca00000

Metaspace:

Usage:
  Non-class:      2.84 MB used.
      Class:    294.62 KB used.
       Both:      3.13 MB used.

Virtual space:
  Non-class space:        8.00 MB reserved,       2.88 MB ( 36%) committed,  1 nodes.
      Class space:        1.00 GB reserved,     384.00 KB ( <1%) committed,  1 nodes.
              Both:        1.01 GB reserved,       3.25 MB ( <1%) committed. 

Chunk freelists:
   Non-Class:  3.63 MB
       Class:  3.68 MB
        Both:  7.31 MB

MaxMetaspaceSize: 17179869184.00 GB
CompressedClassSpaceSize: 1.00 GB
 - commit_granule_bytes: 65536.
 - commit_granule_words: 8192.
 - virtual_space_node_default_size: 1048576.
 - enlarge_chunks_in_place: 1.
 - new_chunks_are_fully_committed: 0.
 - uncommit_free_chunks: 1.
 - use_allocation_guard: 0.
 - handle_deallocations: 1.


Internal statistics:

num_allocs_failed_limit: 0.
num_arena_births: 80.
num_arena_deaths: 0.
num_vsnodes_births: 2.
num_vsnodes_deaths: 0.
num_space_committed: 52.
num_space_uncommitted: 0.
num_chunks_returned_to_freelist: 0.
num_chunks_taken_from_freelist: 113.
num_chunk_merges: 0.
num_chunk_splits: 75.
num_chunks_enlarged: 48.
num_purges: 0.

CodeHeap 'non-profiled nmethods': size=120064Kb used=266Kb max_used=266Kb free=119797Kb
 bounds [0x0000019f4f010000, 0x0000019f4f280000, 0x0000019f56550000]
CodeHeap 'profiled nmethods': size=120000Kb used=1199Kb max_used=1199Kb free=118800Kb
 bounds [0x0000019f47ae0000, 0x0000019f47d50000, 0x0000019f4f010000]
CodeHeap 'non-nmethods': size=5696Kb used=1147Kb max_used=1162Kb free=4548Kb
 bounds [0x0000019f47550000, 0x0000019f477c0000, 0x0000019f47ae0000]
 total_blobs=1203 nmethods=770 adapters=347
 compilation: enabled
              stopped_count=0, restarted_count=0
 full_count=0

Compilation events (20 events):
Event: 1.116 Thread 0x0000019f5be850e0 nmethod 758 0x0000019f47c06f10 code [0x0000019f47c071c0, 0x0000019f47c07f08]
Event: 1.116 Thread 0x0000019f5be850e0  760       3       java.util.StringTokenizer::nextToken (92 bytes)
Event: 1.116 Thread 0x0000019f5be850e0 nmethod 760 0x0000019f47c08410 code [0x0000019f47c08600, 0x0000019f47c08938]
Event: 1.116 Thread 0x0000019f5be850e0  761       3       java.util.StringTokenizer::hasMoreTokens (29 bytes)
Event: 1.116 Thread 0x0000019f5be850e0 nmethod 761 0x0000019f47c08a90 code [0x0000019f47c08c40, 0x0000019f47c08de8]
Event: 1.116 Thread 0x0000019f5be850e0  762       3       java.nio.Buffer::<init> (105 bytes)
Event: 1.117 Thread 0x0000019f5be850e0 nmethod 762 0x0000019f47c08e90 code [0x0000019f47c09140, 0x0000019f47c09cb8]
Event: 1.117 Thread 0x0000019f5be850e0  763       1       java.lang.Module::getDescriptor (5 bytes)
Event: 1.117 Thread 0x0000019f5be850e0 nmethod 763 0x0000019f4f051910 code [0x0000019f4f051aa0, 0x0000019f4f051b78]
Event: 1.121 Thread 0x0000019f5be850e0  765       3       java.util.LinkedHashMap::newNode (23 bytes)
Event: 1.121 Thread 0x0000019f5be850e0 nmethod 765 0x0000019f47c0a110 code [0x0000019f47c0a2e0, 0x0000019f47c0a6c8]
Event: 1.121 Thread 0x0000019f5be850e0  766       3       java.util.LinkedHashMap$Entry::<init> (10 bytes)
Event: 1.121 Thread 0x0000019f5be850e0 nmethod 766 0x0000019f47c0a890 code [0x0000019f47c0aa40, 0x0000019f47c0ad18]
Event: 1.121 Thread 0x0000019f5be850e0  767       3       java.util.LinkedHashMap::linkNodeLast (33 bytes)
Event: 1.121 Thread 0x0000019f5be850e0 nmethod 767 0x0000019f47c0ae10 code [0x0000019f47c0afc0, 0x0000019f47c0b2d8]
Event: 1.121 Thread 0x0000019f5be850e0  768       3       java.util.LinkedHashMap::afterNodeInsertion (40 bytes)
Event: 1.122 Thread 0x0000019f5be850e0 nmethod 768 0x0000019f47c0b410 code [0x0000019f47c0b5c0, 0x0000019f47c0b7b8]
Event: 1.124 Thread 0x0000019f5be850e0  769       3       java.lang.StringLatin1::inflate (34 bytes)
Event: 1.124 Thread 0x0000019f5be850e0 nmethod 769 0x0000019f47c0b890 code [0x0000019f47c0ba40, 0x0000019f47c0bc58]
Event: 1.124 Thread 0x0000019f5be826d0  770       4       java.lang.StringBuilder::append (8 bytes)

GC Heap History (2 events):
Event: 0.342 GC heap before
{Heap before GC invocations=0 (full 0):
 garbage-first heap   total 98304K, used 6144K [0x00000000a0400000, 0x0000000100000000)
  region size 1024K, 6 young (6144K), 0 survivors (0K)
 Metaspace       used 783K, committed 960K, reserved 1056768K
  class space    used 56K, committed 128K, reserved 1048576K
}
Event: 0.358 GC heap after
{Heap after GC invocations=1 (full 0):
 garbage-first heap   total 98304K, used 844K [0x00000000a0400000, 0x0000000100000000)
  region size 1024K, 1 young (1024K), 1 survivors (1024K)
 Metaspace       used 783K, committed 960K, reserved 1056768K
  class space    used 56K, committed 128K, reserved 1048576K
}

Deoptimization events (20 events):
Event: 0.423 Thread 0x0000019f3eb97d00 Uncommon trap: trap_request=0xffffff45 fr.pc=0x0000019f4f0266cc relative=0x000000000000040c
Event: 0.423 Thread 0x0000019f3eb97d00 Uncommon trap: reason=unstable_if action=reinterpret pc=0x0000019f4f0266cc method=java.lang.StringLatin1.newString([BII)Ljava/lang/String; @ 1 c2
Event: 0.424 Thread 0x0000019f3eb97d00 DEOPT PACKING pc=0x0000019f4f0266cc sp=0x0000003cc5efecb0
Event: 0.424 Thread 0x0000019f3eb97d00 DEOPT UNPACKING pc=0x0000019f4759d728 sp=0x0000003cc5efec10 mode 2
Event: 0.424 Thread 0x0000019f3eb97d00 Uncommon trap: trap_request=0xffffff45 fr.pc=0x0000019f4f025bd0 relative=0x0000000000000330
Event: 0.424 Thread 0x0000019f3eb97d00 Uncommon trap: reason=unstable_if action=reinterpret pc=0x0000019f4f025bd0 method=java.lang.StringLatin1.newString([BII)Ljava/lang/String; @ 1 c2
Event: 0.424 Thread 0x0000019f3eb97d00 DEOPT PACKING pc=0x0000019f4f025bd0 sp=0x0000003cc5efec30
Event: 0.424 Thread 0x0000019f3eb97d00 DEOPT UNPACKING pc=0x0000019f4759d728 sp=0x0000003cc5efec10 mode 2
Event: 0.459 Thread 0x0000019f3eb97d00 Uncommon trap: trap_request=0xffffff45 fr.pc=0x0000019f4f016d1c relative=0x000000000000007c
Event: 0.459 Thread 0x0000019f3eb97d00 Uncommon trap: reason=unstable_if action=reinterpret pc=0x0000019f4f016d1c method=java.lang.String.charAt(I)C @ 4 c2
Event: 0.459 Thread 0x0000019f3eb97d00 DEOPT PACKING pc=0x0000019f4f016d1c sp=0x0000003cc5eff0e0
Event: 0.459 Thread 0x0000019f3eb97d00 DEOPT UNPACKING pc=0x0000019f4759d728 sp=0x0000003cc5eff080 mode 2
Event: 0.642 Thread 0x0000019f3eb97d00 Uncommon trap: trap_request=0xffffff45 fr.pc=0x0000019f4f02b098 relative=0x0000000000000178
Event: 0.642 Thread 0x0000019f3eb97d00 Uncommon trap: reason=unstable_if action=reinterpret pc=0x0000019f4f02b098 method=java.lang.String.startsWith(Ljava/lang/String;I)Z @ 14 c2
Event: 0.642 Thread 0x0000019f3eb97d00 DEOPT PACKING pc=0x0000019f4f02b098 sp=0x0000003cc5efebc0
Event: 0.642 Thread 0x0000019f3eb97d00 DEOPT UNPACKING pc=0x0000019f4759d728 sp=0x0000003cc5efeb38 mode 2
Event: 0.813 Thread 0x0000019f3eb97d00 Uncommon trap: trap_request=0xffffff45 fr.pc=0x0000019f4f034a14 relative=0x0000000000000c74
Event: 0.813 Thread 0x0000019f3eb97d00 Uncommon trap: reason=unstable_if action=reinterpret pc=0x0000019f4f034a14 method=java.util.HashMap.putVal(ILjava/lang/Object;Ljava/lang/Object;ZZ)Ljava/lang/Object; @ 193 c2
Event: 0.813 Thread 0x0000019f3eb97d00 DEOPT PACKING pc=0x0000019f4f034a14 sp=0x0000003cc5efd550
Event: 0.813 Thread 0x0000019f3eb97d00 DEOPT UNPACKING pc=0x0000019f4759d728 sp=0x0000003cc5efd4f0 mode 2

Classes unloaded (0 events):
No events

Classes redefined (0 events):
No events

Internal exceptions (17 events):
Event: 0.136 Thread 0x0000019f3eb97d00 Exception <a 'java/lang/NoSuchMethodError'{0x00000000a63ef290}: 'void java.lang.invoke.DirectMethodHandle$Holder.invokeVirtual(java.lang.Object, java.lang.Object)'> (0x00000000a63ef290) 
thrown [c:\wsjdk\correttojdksrc\installers\windows\zip\corretto-build\buildroot\src\hotspot\share\interpreter\linkResolver.cpp, line 790]
Event: 0.394 Thread 0x0000019f3eb97d00 Exception <a 'java/lang/NoSuchMethodError'{0x00000000a63f6158}: 'void java.lang.invoke.DirectMethodHandle$Holder.invokeSpecial(java.lang.Object, java.lang.Object, java.lang.Object, java.lang.Object, java.lang.Object)'> (0x00000000a63f6158) 
thrown [c:\wsjdk\correttojdksrc\installers\windows\zip\corretto-build\buildroot\src\hotspot\share\interpreter\linkResolver.cpp, line 790]
Event: 0.404 Thread 0x0000019f3eb97d00 Exception <a 'java/lang/NoSuchMethodError'{0x00000000a6212418}: 'java.lang.Object java.lang.invoke.DirectMethodHandle$Holder.invokeInterface(java.lang.Object, java.lang.Object)'> (0x00000000a6212418) 
thrown [c:\wsjdk\correttojdksrc\installers\windows\zip\corretto-build\buildroot\src\hotspot\share\interpreter\linkResolver.cpp, line 790]
Event: 0.405 Thread 0x0000019f3eb97d00 Exception <a 'java/lang/IncompatibleClassChangeError'{0x00000000a6215c90}: Found class java.lang.Object, but interface was expected> (0x00000000a6215c90) 
thrown [c:\wsjdk\correttojdksrc\installers\windows\zip\corretto-build\buildroot\src\hotspot\share\interpreter\linkResolver.cpp, line 857]
Event: 0.406 Thread 0x0000019f3eb97d00 Exception <a 'java/lang/NoSuchMethodError'{0x00000000a6218b40}: 'void java.lang.invoke.DirectMethodHandle$Holder.invokeStatic(java.lang.Object, java.lang.Object, java.lang.Object, java.lang.Object)'> (0x00000000a6218b40) 
thrown [c:\wsjdk\correttojdksrc\installers\windows\zip\corretto-build\buildroot\src\hotspot\share\interpreter\linkResolver.cpp, line 790]
Event: 0.497 Thread 0x0000019f3eb97d00 Exception <a 'sun/nio/fs/WindowsException'{0x00000000a61ca438}> (0x00000000a61ca438) 
thrown [c:\wsjdk\correttojdksrc\installers\windows\zip\corretto-build\buildroot\src\hotspot\share\prims\jni.cpp, line 579]
Event: 0.506 Thread 0x0000019f5c926640 Exception <a 'java/lang/NoSuchMethodError'{0x00000000a61f5038}: 'java.lang.Object java.lang.invoke.DirectMethodHandle$Holder.invokeStatic(java.lang.Object)'> (0x00000000a61f5038) 
thrown [c:\wsjdk\correttojdksrc\installers\windows\zip\corretto-build\buildroot\src\hotspot\share\interpreter\linkResolver.cpp, line 790]
Event: 0.506 Thread 0x0000019f5c926640 Exception <a 'java/lang/NoSuchMethodError'{0x00000000a61f8788}: 'java.lang.Object java.lang.invoke.DirectMethodHandle$Holder.invokeStaticInit(java.lang.Object)'> (0x00000000a61f8788) 
thrown [c:\wsjdk\correttojdksrc\installers\windows\zip\corretto-build\buildroot\src\hotspot\share\interpreter\linkResolver.cpp, line 790]
Event: 0.511 Thread 0x0000019f5c926640 Exception <a 'java/lang/ClassNotFoundException'{0x00000000a604fcb8}: jdk/net/ExtendedSocketOptions> (0x00000000a604fcb8) 
thrown [c:\wsjdk\correttojdksrc\installers\windows\zip\corretto-build\buildroot\src\hotspot\share\classfile\systemDictionary.cpp, line 256]
Event: 0.511 Thread 0x0000019f3eb97d00 Exception <a 'java/lang/NoClassDefFoundError'{0x00000000a61e07e0}: org/slf4j/impl/StaticLoggerBinder> (0x00000000a61e07e0) 
thrown [c:\wsjdk\correttojdksrc\installers\windows\zip\corretto-build\buildroot\src\hotspot\share\classfile\systemDictionary.cpp, line 245]
Event: 0.512 Thread 0x0000019f5c926640 Exception <a 'java/lang/NoSuchMethodError'{0x00000000a60515d8}: 'void java.lang.invoke.DirectMethodHandle$Holder.invokeStatic(java.lang.Object, java.lang.Object)'> (0x00000000a60515d8) 
thrown [c:\wsjdk\correttojdksrc\installers\windows\zip\corretto-build\buildroot\src\hotspot\share\interpreter\linkResolver.cpp, line 790]
Event: 0.555 Thread 0x0000019f3eb97d00 Exception <a 'sun/nio/fs/WindowsException'{0x00000000a607ba30}> (0x00000000a607ba30) 
thrown [c:\wsjdk\correttojdksrc\installers\windows\zip\corretto-build\buildroot\src\hotspot\share\prims\jni.cpp, line 579]
Event: 0.630 Thread 0x0000019f3eb97d00 Exception <a 'java/io/FileNotFoundException'{0x00000000a60e0960}> (0x00000000a60e0960) 
thrown [c:\wsjdk\correttojdksrc\installers\windows\zip\corretto-build\buildroot\src\hotspot\share\prims\jni.cpp, line 579]
Event: 0.632 Thread 0x0000019f3eb97d00 Exception <a 'java/lang/NoSuchMethodError'{0x00000000a60e5d30}: 'void java.lang.invoke.DirectMethodHandle$Holder.invokeSpecial(java.lang.Object, java.lang.Object, java.lang.Object)'> (0x00000000a60e5d30) 
thrown [c:\wsjdk\correttojdksrc\installers\windows\zip\corretto-build\buildroot\src\hotspot\share\interpreter\linkResolver.cpp, line 790]
Event: 0.842 Thread 0x0000019f3eb97d00 Exception <a 'java/lang/NoSuchMethodError'{0x00000000a5f765c0}: 'java.lang.Object java.lang.invoke.DirectMethodHandle$Holder.invokeStaticInit(java.lang.Object, int, int, int, int)'> (0x00000000a5f765c0) 
thrown [c:\wsjdk\correttojdksrc\installers\windows\zip\corretto-build\buildroot\src\hotspot\share\interpreter\linkResolver.cpp, line 790]
Event: 0.992 Thread 0x0000019f3eb97d00 Exception <a 'java/lang/NoSuchMethodError'{0x00000000a5e10180}: 'java.lang.Object java.lang.invoke.DirectMethodHandle$Holder.invokeStaticInit(java.lang.Object, java.lang.Object, int, int, int, int)'> (0x00000000a5e10180) 
thrown [c:\wsjdk\correttojdksrc\installers\windows\zip\corretto-build\buildroot\src\hotspot\share\interpreter\linkResolver.cpp, line 790]
Event: 1.047 Thread 0x0000019f3eb97d00 Exception <a 'java/lang/NoSuchMethodError'{0x00000000a5e1e6f0}: 'void java.lang.invoke.DirectMethodHandle$Holder.invokeStatic(java.lang.Object, java.lang.Object, java.lang.Object)'> (0x00000000a5e1e6f0) 
thrown [c:\wsjdk\correttojdksrc\installers\windows\zip\corretto-build\buildroot\src\hotspot\share\interpreter\linkResolver.cpp, line 790]

Events (20 events):
Event: 1.111 loading class sun/util/cldr/CLDRTimeZoneNameProviderImpl
Event: 1.111 loading class sun/util/locale/provider/TimeZoneNameProviderImpl
Event: 1.111 loading class sun/util/locale/provider/TimeZoneNameProviderImpl done
Event: 1.112 loading class sun/util/cldr/CLDRTimeZoneNameProviderImpl done
Event: 1.115 loading class sun/util/locale/provider/BaseLocaleDataMetaInfo
Event: 1.116 loading class sun/util/locale/provider/BaseLocaleDataMetaInfo done
Event: 1.118 loading class sun/util/resources/cldr/TimeZoneNames
Event: 1.118 loading class sun/util/resources/TimeZoneNamesBundle
Event: 1.118 loading class sun/util/resources/OpenListResourceBundle
Event: 1.118 loading class sun/util/resources/OpenListResourceBundle done
Event: 1.118 loading class sun/util/resources/TimeZoneNamesBundle done
Event: 1.118 loading class sun/util/resources/cldr/TimeZoneNames done
Event: 1.119 loading class sun/util/resources/cldr/TimeZoneNames_en
Event: 1.119 loading class sun/util/resources/cldr/TimeZoneNames_en done
Event: 1.119 loading class sun/util/resources/cldr/TimeZoneNames_en_US
Event: 1.119 loading class sun/util/resources/cldr/TimeZoneNames_en_US done
Event: 1.121 loading class sun/util/resources/TimeZoneNames
Event: 1.122 loading class sun/util/resources/TimeZoneNames done
Event: 1.122 loading class sun/util/resources/TimeZoneNames_en
Event: 1.122 loading class sun/util/resources/TimeZoneNames_en done


Dynamic libraries:
0x00007ff65c7f0000 - 0x00007ff65c7fd000 	D:\programs\Amazon Corretto\jdk16.0.1_9\bin\java.exe
0x00007ff97aa20000 - 0x00007ff97ac10000 	C:\WINDOWS\SYSTEM32\ntdll.dll
0x00007ff979bf0000 - 0x00007ff979ca2000 	C:\WINDOWS\System32\KERNEL32.DLL
0x00007ff977c80000 - 0x00007ff977f25000 	C:\WINDOWS\System32\KERNELBASE.dll
0x00007ff978870000 - 0x00007ff97896a000 	C:\WINDOWS\System32\ucrtbase.dll
0x00007ff963f40000 - 0x00007ff963f58000 	D:\programs\Amazon Corretto\jdk16.0.1_9\bin\jli.dll
0x00007ff978b80000 - 0x00007ff978d14000 	C:\WINDOWS\System32\USER32.dll
0x00007ff963f20000 - 0x00007ff963f35000 	D:\programs\Amazon Corretto\jdk16.0.1_9\bin\VCRUNTIME140.dll
0x00007ff977be0000 - 0x00007ff977c01000 	C:\WINDOWS\System32\win32u.dll
0x00007ff979f70000 - 0x00007ff979f96000 	C:\WINDOWS\System32\GDI32.dll
0x00007ff977990000 - 0x00007ff977b28000 	C:\WINDOWS\System32\gdi32full.dll
0x00007ff977fc0000 - 0x00007ff97805e000 	C:\WINDOWS\System32\msvcp_win.dll
0x00007ff96afe0000 - 0x00007ff96b264000 	C:\WINDOWS\WinSxS\amd64_microsoft.windows.common-controls_6595b64144ccf1df_6.0.18362.1556_none_9e7e372fe45e41d5\COMCTL32.dll
0x00007ff97a220000 - 0x00007ff97a2be000 	C:\WINDOWS\System32\msvcrt.dll
0x00007ff979610000 - 0x00007ff979946000 	C:\WINDOWS\System32\combase.dll
0x00007ff97a440000 - 0x00007ff97a55f000 	C:\WINDOWS\System32\RPCRT4.dll
0x00007ff977f30000 - 0x00007ff977fb1000 	C:\WINDOWS\System32\bcryptPrimitives.dll
0x00007ff97a340000 - 0x00007ff97a36e000 	C:\WINDOWS\System32\IMM32.DLL
0x00007ff95f300000 - 0x00007ff95f39b000 	D:\programs\Amazon Corretto\jdk16.0.1_9\bin\msvcp140.dll
0x00007ff91da50000 - 0x00007ff91e659000 	D:\programs\Amazon Corretto\jdk16.0.1_9\bin\server\jvm.dll
0x00007ff979e60000 - 0x00007ff979f03000 	C:\WINDOWS\System32\ADVAPI32.dll
0x00007ff97a0e0000 - 0x00007ff97a177000 	C:\WINDOWS\System32\sechost.dll
0x00007ff979fa0000 - 0x00007ff979fa8000 	C:\WINDOWS\System32\PSAPI.DLL
0x00007ff974180000 - 0x00007ff974189000 	C:\WINDOWS\SYSTEM32\WSOCK32.dll
0x00007ff979fc0000 - 0x00007ff97a02f000 	C:\WINDOWS\System32\WS2_32.dll
0x00007ff975940000 - 0x00007ff975964000 	C:\WINDOWS\SYSTEM32\WINMM.dll
0x00007ff971890000 - 0x00007ff97189a000 	C:\WINDOWS\SYSTEM32\VERSION.dll
0x00007ff975910000 - 0x00007ff97593d000 	C:\WINDOWS\SYSTEM32\WINMMBASE.dll
0x00007ff977c10000 - 0x00007ff977c5a000 	C:\WINDOWS\System32\cfgmgr32.dll
0x00007ff977900000 - 0x00007ff977911000 	C:\WINDOWS\System32\kernel.appcore.dll
0x00007ff96af30000 - 0x00007ff96af3a000 	D:\programs\Amazon Corretto\jdk16.0.1_9\bin\jimage.dll
0x00007ff967650000 - 0x00007ff967844000 	C:\WINDOWS\SYSTEM32\DBGHELP.DLL
0x00007ff967620000 - 0x00007ff96764a000 	C:\WINDOWS\SYSTEM32\dbgcore.DLL
0x00007ff969910000 - 0x00007ff96991e000 	D:\programs\Amazon Corretto\jdk16.0.1_9\bin\instrument.dll
0x00007ff963ef0000 - 0x00007ff963f15000 	D:\programs\Amazon Corretto\jdk16.0.1_9\bin\java.dll
0x00007ff978f20000 - 0x00007ff979607000 	C:\WINDOWS\System32\SHELL32.dll
0x00007ff978ad0000 - 0x00007ff978b78000 	C:\WINDOWS\System32\shcore.dll
0x00007ff978060000 - 0x00007ff9787db000 	C:\WINDOWS\System32\windows.storage.dll
0x00007ff977920000 - 0x00007ff97793e000 	C:\WINDOWS\System32\profapi.dll
0x00007ff977940000 - 0x00007ff97798a000 	C:\WINDOWS\System32\powrprof.dll
0x00007ff9778d0000 - 0x00007ff9778e0000 	C:\WINDOWS\System32\UMPDC.dll
0x00007ff978d20000 - 0x00007ff978d72000 	C:\WINDOWS\System32\shlwapi.dll
0x00007ff977c60000 - 0x00007ff977c77000 	C:\WINDOWS\System32\cryptsp.dll
0x00007ff9623f0000 - 0x00007ff962409000 	D:\programs\Amazon Corretto\jdk16.0.1_9\bin\net.dll
0x00007ff970250000 - 0x00007ff97034a000 	C:\WINDOWS\SYSTEM32\WINHTTP.dll
0x00007ff9770b0000 - 0x00007ff977117000 	C:\WINDOWS\system32\mswsock.dll
0x00007ff961d50000 - 0x00007ff961d63000 	D:\programs\Amazon Corretto\jdk16.0.1_9\bin\nio.dll
0x00007ff961d30000 - 0x00007ff961d48000 	D:\programs\Amazon Corretto\jdk16.0.1_9\bin\zip.dll
0x00007ff95afa0000 - 0x00007ff95afba000 	D:\programs\IntelliJ IDEA 2021.1.2\bin\breakgen64.dll
0x00007ff963fc0000 - 0x00007ff963fd0000 	D:\programs\Amazon Corretto\jdk16.0.1_9\bin\verify.dll
0x00007ff976dc0000 - 0x00007ff976dfa000 	C:\WINDOWS\SYSTEM32\IPHLPAPI.DLL
0x00007ff97a560000 - 0x00007ff97a568000 	C:\WINDOWS\System32\NSI.dll
0x00007ff96fd00000 - 0x00007ff96fd16000 	C:\WINDOWS\SYSTEM32\dhcpcsvc6.DLL
0x00007ff970140000 - 0x00007ff97015c000 	C:\WINDOWS\SYSTEM32\dhcpcsvc.DLL
0x00007ff976e00000 - 0x00007ff976ecb000 	C:\WINDOWS\SYSTEM32\DNSAPI.dll
0x00007ff976c30000 - 0x00007ff976c63000 	C:\WINDOWS\system32\rsaenh.dll
0x00007ff9787e0000 - 0x00007ff978806000 	C:\WINDOWS\System32\bcrypt.dll
0x00007ff9777c0000 - 0x00007ff9777e5000 	C:\WINDOWS\SYSTEM32\USERENV.dll
0x00007ff977280000 - 0x00007ff97728c000 	C:\WINDOWS\SYSTEM32\CRYPTBASE.dll

dbghelp: loaded successfully - version: 4.0.5 - missing functions: none
symbol engine: initialized successfully - sym options: 0x614 - pdb path: .;D:\programs\Amazon Corretto\jdk16.0.1_9\bin;C:\WINDOWS\SYSTEM32;C:\WINDOWS\WinSxS\amd64_microsoft.windows.common-controls_6595b64144ccf1df_6.0.18362.1556_none_9e7e372fe45e41d5;D:\programs\Amazon Corretto\jdk16.0.1_9\bin\server;D:\programs\IntelliJ IDEA 2021.1.2\bin

VM Arguments:
jvm_args: -javaagent:D:\programs\IntelliJ IDEA 2021.1.2\lib\idea_rt.jar=64567:D:\programs\IntelliJ IDEA 2021.1.2\bin -Dfile.encoding=UTF-8 --module-path=D:\projects\java\Base de datos\target\classes;C:\Users\leona\.m2\repository\org\openjfx\javafx-controls\16\javafx-controls-16.jar;C:\Users\leona\.m2\repository\org\openjfx\javafx-controls\16\javafx-controls-16-win.jar;C:\Users\leona\.m2\repository\org\openjfx\javafx-graphics\16\javafx-graphics-16.jar;C:\Users\leona\.m2\repository\org\openjfx\javafx-graphics\16\javafx-graphics-16-win.jar;C:\Users\leona\.m2\repository\org\openjfx\javafx-base\16\javafx-base-16.jar;C:\Users\leona\.m2\repository\org\openjfx\javafx-base\16\javafx-base-16-win.jar;C:\Users\leona\.m2\repository\org\openjfx\javafx-fxml\16\javafx-fxml-16.jar;C:\Users\leona\.m2\repository\org\openjfx\javafx-fxml\16\javafx-fxml-16-win.jar;C:\Users\leona\.m2\repository\org\mongodb\mongodb-driver-sync\4.3.0-beta4\mongodb-driver-sync-4.3.0-beta4.jar;C:\Users\leona\.m2\repository\org\mongodb\bson\4.3.0-beta4\bson-4.3.0-beta4.jar;C:\Users\leona\.m2\repository\org\mongodb\mongodb-driver-core\4.3.0-beta4\mongodb-driver-core-4.3.0-beta4.jar;C:\Users\leona\.m2\repository\org\slf4j\slf4j-api\1.7.31\slf4j-api-1.7.31.jar -Djdk.module.main=org.example 
java_command: org.example/com.leboroz.data.MongoCon
java_class_path (initial): <not set>
Launcher Type: SUN_STANDARD

[Global flags]
     intx CICompilerCount                          = 2                                         {product} {ergonomic}
     uint ConcGCThreads                            = 1                                         {product} {ergonomic}
     uint G1ConcRefinementThreads                  = 2                                         {product} {ergonomic}
   size_t G1HeapRegionSize                         = 1048576                                   {product} {ergonomic}
    uintx GCDrainStackTargetSize                   = 64                                        {product} {ergonomic}
   size_t InitialHeapSize                          = 100663296                                 {product} {ergonomic}
   size_t MarkStackSize                            = 4194304                                   {product} {ergonomic}
   size_t MaxHeapSize                              = 1606418432                                {product} {ergonomic}
   size_t MaxNewSize                               = 963641344                                 {product} {ergonomic}
   size_t MinHeapDeltaBytes                        = 1048576                                   {product} {ergonomic}
   size_t MinHeapSize                              = 8388608                                   {product} {ergonomic}
    uintx NonNMethodCodeHeapSize                   = 5826188                                {pd product} {ergonomic}
    uintx NonProfiledCodeHeapSize                  = 122916026                              {pd product} {ergonomic}
    uintx ProfiledCodeHeapSize                     = 122916026                              {pd product} {ergonomic}
    uintx ReservedCodeCacheSize                    = 251658240                              {pd product} {ergonomic}
     bool SegmentedCodeCache                       = true                                      {product} {ergonomic}
   size_t SoftMaxHeapSize                          = 1606418432                             {manageable} {ergonomic}
     bool UseCompressedClassPointers               = true                           {product lp64_product} {ergonomic}
     bool UseCompressedOops                        = true                           {product lp64_product} {ergonomic}
     bool UseG1GC                                  = true                                      {product} {ergonomic}
     bool UseLargePagesIndividualAllocation        = false                                  {pd product} {ergonomic}

Logging:
Log output configuration:
 #0: stdout all=warning uptime,level,tags
 #1: stderr all=off uptime,level,tags

Environment Variables:
JAVA_HOME=D:\programs\Amazon Corretto\jdk16.0.1_9
PATH=D:\programs\Amazon Corretto\jdk16.0.1_9\bin;C:\WINDOWS\system32;C:\WINDOWS;C:\WINDOWS\System32\Wbem;C:\WINDOWS\System32\WindowsPowerShell\v1.0\;C:\WINDOWS\System32\OpenSSH\;C:\Program Files\SourceGear\Common\DiffMerge\;D:\Git\cmd;D:\node\;C:\Program Files (x86)\ATI Technologies\ATI.ACE\Core-Static;D:\programs\apache-maven-3.8.1\bin;C:\Users\leona\AppData\Local\Microsoft\WindowsApps;D:\Microsoft VS Code\bin;C:\Users\leona\AppData\Local\GitHubDesktop\bin;C:\Users\leona\AppData\Roaming\npm;D:\platform-tools_r30.0.5-windows\platform-tools;D:\lib\sqlite-tools-win32-x86-3360000;D:\programs\Amazon Corretto\jdk16.0.1_9\bin;
USERNAME=leonardo
OS=Windows_NT
PROCESSOR_IDENTIFIER=Intel64 Family 6 Model 42 Stepping 7, GenuineIntel



---------------  S Y S T E M  ---------------

OS:
 Windows 10 , 64 bit Build 18362 (10.0.18362.1500)
OS uptime: 2 days 12:57 hours

CPU: total 2 (initial active 2) (2 cores per cpu, 1 threads per core) family 6 model 42 stepping 7 microcode 0x2f, cx8, cmov, fxsr, mmx, sse, sse2, sse3, ssse3, sse4.1, sse4.2, popcnt, tsc, tscinvbit, clmul, clflush

Memory: 4k page, system-wide physical 6126M (408M free)
TotalPageFile size 9150M (AvailPageFile size 0M)
current process WorkingSet (physical memory assigned to process): 48M, peak: 48M
current process commit charge ("private bytes"): 170M, peak: 170M

vm_info: OpenJDK 64-Bit Server VM (16.0.1+9) for windows-amd64 JRE (16.0.1+9), built on Apr 20 2021 21:50:36 by "Administrator" with MS VC++ 15.9 (VS2017)

END.
