#
# There is insufficient memory for the Java Runtime Environment to continue.
# Native memory allocation (mmap) failed to map 100663296 bytes for G1 virtual space
# Possible reasons:
#   The system is out of physical RAM or swap space
#   The process is running with CompressedOops enabled, and the Java Heap may be blocking the growth of the native heap
# Possible solutions:
#   Reduce memory load on the system
#   Increase physical memory or swap space
#   Check if swap backing store is full
#   Decrease Java heap size (-Xmx/-Xms)
#   Decrease number of Java threads
#   Decrease Java thread stack sizes (-Xss)
#   Set larger code cache with -XX:ReservedCodeCacheSize=
#   JVM is running with Unscaled Compressed Oops mode in which the Java heap is
#     placed in the first 4GB address space. The Java Heap base address is the
#     maximum limit for the native heap growth. Please use -XX:HeapBaseMinAddress
#     to set the Java Heap base and to place the Java Heap above 4GB virtual address.
# This output file may be truncated or incomplete.
#
#  Out of Memory Error (os_windows.cpp:3466), pid=1724, tid=2356
#
# JRE version:  (16.0.1+9) (build )
# Java VM: OpenJDK 64-Bit Server VM (16.0.1+9, mixed mode, sharing, tiered, compressed oops, compressed class ptrs, g1 gc, windows-amd64)
# No core dump will be written. Minidumps are not enabled by default on client versions of Windows
#

---------------  S U M M A R Y ------------

Command Line: --module-path=D:\projects\java\Base de datos\target\classes;C:\Users\leona\.m2\repository\org\mongodb\bson\4.3.0-beta4\bson-4.3.0-beta4.jar;C:\Users\leona\.m2\repository\org\mongodb\mongodb-driver-core\4.3.0-beta4\mongodb-driver-core-4.3.0-beta4.jar;C:\Users\leona\.m2\repository\org\mongodb\mongodb-driver-sync\4.3.0-beta4\mongodb-driver-sync-4.3.0-beta4.jar;C:\Users\leona\.m2\repository\org\openjfx\javafx-base\16\javafx-base-16-win.jar;C:\Users\leona\.m2\repository\org\openjfx\javafx-controls\16\javafx-controls-16-win.jar;C:\Users\leona\.m2\repository\org\openjfx\javafx-fxml\16\javafx-fxml-16-win.jar;C:\Users\leona\.m2\repository\org\openjfx\javafx-graphics\16\javafx-graphics-16-win.jar;C:\Users\leona\.m2\repository\org\slf4j\slf4j-api\1.7.31\slf4j-api-1.7.31.jar --add-modules=org.example -Djdk.module.main=org.example org.example/com.leboroz.App

Host: Intel(R) Pentium(R) CPU G620 @ 2.60GHz, 2 cores, 5G,  Windows 10 , 64 bit Build 18362 (10.0.18362.1500)
Time: Fri Jul 16 08:23:20 2021 Venezuela Standard Time elapsed time: 0.093709 seconds (0d 0h 0m 0s)

---------------  T H R E A D  ---------------

Current thread (0x0000024fd753b590):  JavaThread "Unknown thread" [_thread_in_vm, id=2356, stack(0x0000008c25b00000,0x0000008c25c00000)]

Stack: [0x0000008c25b00000,0x0000008c25c00000]
Native frames: (J=compiled Java code, j=interpreted, Vv=VM code, C=native code)
V  [jvm.dll+0x647c6a]
V  [jvm.dll+0x7f0369]
V  [jvm.dll+0x7f1af3]
V  [jvm.dll+0x7f2143]
V  [jvm.dll+0x23dff8]
V  [jvm.dll+0x6449aa]
V  [jvm.dll+0x6395f5]
V  [jvm.dll+0x2f6549]
V  [jvm.dll+0x2fd366]
V  [jvm.dll+0x34984a]
V  [jvm.dll+0x349a8f]
V  [jvm.dll+0x2cc768]
V  [jvm.dll+0x2cd999]
V  [jvm.dll+0x7c4261]
V  [jvm.dll+0x356d91]
V  [jvm.dll+0x7a2ec0]
V  [jvm.dll+0x3d4bf5]
V  [jvm.dll+0x3d6991]
C  [jli.dll+0x5243]
C  [ucrtbase.dll+0x210b2]
C  [KERNEL32.DLL+0x17c24]
C  [ntdll.dll+0x6d721]


---------------  P R O C E S S  ---------------

Threads class SMR info:
_java_thread_list=0x00007ff9261a73d8, length=0, elements={
}

Java Threads: ( => current thread )

Other Threads:
  0x0000024fd7571d50 GCTaskThread "GC Thread#0" [stack: 0x0000008c25c00000,0x0000008c25d00000] [id=7104]
  0x0000024fd757fc20 ConcurrentGCThread "G1 Main Marker" [stack: 0x0000008c25d00000,0x0000008c25e00000] [id=8096]
  0x0000024fd7580590 ConcurrentGCThread "G1 Conc#0" [stack: 0x0000008c25e00000,0x0000008c25f00000] [id=8380]

[error occurred during error reporting (printing all threads), id 0xc0000005, EXCEPTION_ACCESS_VIOLATION (0xc0000005) at pc=0x00007ff92591e057]

VM state: not at safepoint (not fully initialized)

VM Mutex/Monitor currently owned by a thread:  ([mutex/lock_event])
[0x0000024fd7537b20] Heap_lock - owner thread: 0x0000024fd753b590

Heap address: 0x00000000a0400000, size: 1532 MB, Compressed Oops mode: 32-bit

CDS archive(s) mapped at: [0x0000000000000000-0x0000000000000000-0x0000000000000000), size 0, SharedBaseAddress: 0x0000000800000000, ArchiveRelocationMode: 0.
Narrow klass base: 0x0000000000000000, Narrow klass shift: 0, Narrow klass range: 0x0

GC Precious Log:
<Empty>

Heap:
 garbage-first heap   total 0K, used 0K [0x00000000a0400000, 0x0000000100000000)
  region size 1024K, 0 young (0K), 0 survivors (0K)

[error occurred during error reporting (printing heap information), id 0xc0000005, EXCEPTION_ACCESS_VIOLATION (0xc0000005) at pc=0x00007ff925cdfddd]

GC Heap History (0 events):
No events

Deoptimization events (0 events):
No events

Classes unloaded (0 events):
No events

Classes redefined (0 events):
No events

Internal exceptions (0 events):
No events

Events (1 events):
Event: 0.008 Loaded shared library D:\programs\Amazon Corretto\jdk16.0.1_9\bin\java.dll


Dynamic libraries:
0x00007ff734b90000 - 0x00007ff734b9d000 	D:\programs\Amazon Corretto\jdk16.0.1_9\bin\java.exe
0x00007ff97aa20000 - 0x00007ff97ac10000 	C:\WINDOWS\SYSTEM32\ntdll.dll
0x00007ff979bf0000 - 0x00007ff979ca2000 	C:\WINDOWS\System32\KERNEL32.DLL
0x00007ff977c80000 - 0x00007ff977f25000 	C:\WINDOWS\System32\KERNELBASE.dll
0x00007ff978870000 - 0x00007ff97896a000 	C:\WINDOWS\System32\ucrtbase.dll
0x00007ff973740000 - 0x00007ff973758000 	D:\programs\Amazon Corretto\jdk16.0.1_9\bin\jli.dll
0x00007ff9640a0000 - 0x00007ff9640b5000 	D:\programs\Amazon Corretto\jdk16.0.1_9\bin\VCRUNTIME140.dll
0x00007ff978b80000 - 0x00007ff978d14000 	C:\WINDOWS\System32\USER32.dll
0x00007ff977be0000 - 0x00007ff977c01000 	C:\WINDOWS\System32\win32u.dll
0x00007ff96afe0000 - 0x00007ff96b264000 	C:\WINDOWS\WinSxS\amd64_microsoft.windows.common-controls_6595b64144ccf1df_6.0.18362.1556_none_9e7e372fe45e41d5\COMCTL32.dll
0x00007ff979f70000 - 0x00007ff979f96000 	C:\WINDOWS\System32\GDI32.dll
0x00007ff97a220000 - 0x00007ff97a2be000 	C:\WINDOWS\System32\msvcrt.dll
0x00007ff977990000 - 0x00007ff977b28000 	C:\WINDOWS\System32\gdi32full.dll
0x00007ff979610000 - 0x00007ff979946000 	C:\WINDOWS\System32\combase.dll
0x00007ff977fc0000 - 0x00007ff97805e000 	C:\WINDOWS\System32\msvcp_win.dll
0x00007ff97a440000 - 0x00007ff97a55f000 	C:\WINDOWS\System32\RPCRT4.dll
0x00007ff977f30000 - 0x00007ff977fb1000 	C:\WINDOWS\System32\bcryptPrimitives.dll
0x00007ff97a340000 - 0x00007ff97a36e000 	C:\WINDOWS\System32\IMM32.DLL
0x00007ff962660000 - 0x00007ff9626fb000 	D:\programs\Amazon Corretto\jdk16.0.1_9\bin\msvcp140.dll
0x00007ff925640000 - 0x00007ff926249000 	D:\programs\Amazon Corretto\jdk16.0.1_9\bin\server\jvm.dll
0x00007ff979e60000 - 0x00007ff979f03000 	C:\WINDOWS\System32\ADVAPI32.dll
0x00007ff97a0e0000 - 0x00007ff97a177000 	C:\WINDOWS\System32\sechost.dll
0x00007ff979fa0000 - 0x00007ff979fa8000 	C:\WINDOWS\System32\PSAPI.DLL
0x00007ff93d560000 - 0x00007ff93d569000 	C:\WINDOWS\SYSTEM32\WSOCK32.dll
0x00007ff979fc0000 - 0x00007ff97a02f000 	C:\WINDOWS\System32\WS2_32.dll
0x00007ff975940000 - 0x00007ff975964000 	C:\WINDOWS\SYSTEM32\WINMM.dll
0x00007ff971890000 - 0x00007ff97189a000 	C:\WINDOWS\SYSTEM32\VERSION.dll
0x00007ff975910000 - 0x00007ff97593d000 	C:\WINDOWS\SYSTEM32\WINMMBASE.dll
0x00007ff977c10000 - 0x00007ff977c5a000 	C:\WINDOWS\System32\cfgmgr32.dll
0x00007ff977900000 - 0x00007ff977911000 	C:\WINDOWS\System32\kernel.appcore.dll
0x00007ff974180000 - 0x00007ff97418a000 	D:\programs\Amazon Corretto\jdk16.0.1_9\bin\jimage.dll
0x00007ff967650000 - 0x00007ff967844000 	C:\WINDOWS\SYSTEM32\DBGHELP.DLL
0x00007ff967620000 - 0x00007ff96764a000 	C:\WINDOWS\SYSTEM32\dbgcore.DLL
0x00007ff963ef0000 - 0x00007ff963f15000 	D:\programs\Amazon Corretto\jdk16.0.1_9\bin\java.dll

dbghelp: loaded successfully - version: 4.0.5 - missing functions: none
symbol engine: initialized successfully - sym options: 0x614 - pdb path: .;D:\programs\Amazon Corretto\jdk16.0.1_9\bin;C:\WINDOWS\SYSTEM32;C:\WINDOWS\WinSxS\amd64_microsoft.windows.common-controls_6595b64144ccf1df_6.0.18362.1556_none_9e7e372fe45e41d5;D:\programs\Amazon Corretto\jdk16.0.1_9\bin\server

VM Arguments:
jvm_args: --module-path=D:\projects\java\Base de datos\target\classes;C:\Users\leona\.m2\repository\org\mongodb\bson\4.3.0-beta4\bson-4.3.0-beta4.jar;C:\Users\leona\.m2\repository\org\mongodb\mongodb-driver-core\4.3.0-beta4\mongodb-driver-core-4.3.0-beta4.jar;C:\Users\leona\.m2\repository\org\mongodb\mongodb-driver-sync\4.3.0-beta4\mongodb-driver-sync-4.3.0-beta4.jar;C:\Users\leona\.m2\repository\org\openjfx\javafx-base\16\javafx-base-16-win.jar;C:\Users\leona\.m2\repository\org\openjfx\javafx-controls\16\javafx-controls-16-win.jar;C:\Users\leona\.m2\repository\org\openjfx\javafx-fxml\16\javafx-fxml-16-win.jar;C:\Users\leona\.m2\repository\org\openjfx\javafx-graphics\16\javafx-graphics-16-win.jar;C:\Users\leona\.m2\repository\org\slf4j\slf4j-api\1.7.31\slf4j-api-1.7.31.jar --add-modules=org.example -Djdk.module.main=org.example 
java_command: org.example/com.leboroz.App
java_class_path (initial): D:\projects\java\Base de datos\target\classes;C:\Users\leona\.m2\repository\org\openjfx\javafx-base\16\javafx-base-16.jar;C:\Users\leona\.m2\repository\org\openjfx\javafx-controls\16\javafx-controls-16.jar;C:\Users\leona\.m2\repository\org\openjfx\javafx-fxml\16\javafx-fxml-16.jar;C:\Users\leona\.m2\repository\org\openjfx\javafx-graphics\16\javafx-graphics-16.jar
Launcher Type: SUN_STANDARD

[Global flags]
     intx CICompilerCount                          = 2                                         {product} {ergonomic}
     uint ConcGCThreads                            = 1                                         {product} {ergonomic}
     uint G1ConcRefinementThreads                  = 2                                         {product} {ergonomic}
   size_t G1HeapRegionSize                         = 1048576                                   {product} {ergonomic}
    uintx GCDrainStackTargetSize                   = 64                                        {product} {ergonomic}
   size_t InitialHeapSize                          = 100663296                                 {product} {ergonomic}
   size_t MarkStackSize                            = 4194304                                   {product} {ergonomic}
   size_t MaxHeapSize                              = 1606418432                                {product} {ergonomic}
   size_t MinHeapDeltaBytes                        = 1048576                                   {product} {ergonomic}
   size_t MinHeapSize                              = 8388608                                   {product} {ergonomic}
    uintx NonNMethodCodeHeapSize                   = 5826188                                {pd product} {ergonomic}
    uintx NonProfiledCodeHeapSize                  = 122916026                              {pd product} {ergonomic}
    uintx ProfiledCodeHeapSize                     = 122916026                              {pd product} {ergonomic}
    uintx ReservedCodeCacheSize                    = 251658240                              {pd product} {ergonomic}
     bool SegmentedCodeCache                       = true                                      {product} {ergonomic}
   size_t SoftMaxHeapSize                          = 1606418432                             {manageable} {ergonomic}
     bool UseCompressedClassPointers               = true                           {product lp64_product} {ergonomic}
     bool UseCompressedOops                        = true                           {product lp64_product} {ergonomic}
     bool UseG1GC                                  = true                                      {product} {ergonomic}
     bool UseLargePagesIndividualAllocation        = false                                  {pd product} {ergonomic}

Logging:
Log output configuration:
 #0: stdout all=warning uptime,level,tags
 #1: stderr all=off uptime,level,tags

Environment Variables:
JAVA_HOME=D:\programs\Amazon Corretto\jdk16.0.1_9
PATH=D:\programs\Amazon Corretto\jdk16.0.1_9\bin;C:\WINDOWS\system32;C:\WINDOWS;C:\WINDOWS\System32\Wbem;C:\WINDOWS\System32\WindowsPowerShell\v1.0\;C:\WINDOWS\System32\OpenSSH\;C:\Program Files\SourceGear\Common\DiffMerge\;D:\Git\cmd;D:\node\;C:\Program Files (x86)\ATI Technologies\ATI.ACE\Core-Static;D:\programs\apache-maven-3.8.1\bin;C:\Users\leona\AppData\Local\Microsoft\WindowsApps;D:\Microsoft VS Code\bin;C:\Users\leona\AppData\Local\GitHubDesktop\bin;C:\Users\leona\AppData\Roaming\npm;D:\platform-tools_r30.0.5-windows\platform-tools;D:\lib\sqlite-tools-win32-x86-3360000;D:\programs\Amazon Corretto\jdk16.0.1_9\bin;
USERNAME=leonardo
OS=Windows_NT
PROCESSOR_IDENTIFIER=Intel64 Family 6 Model 42 Stepping 7, GenuineIntel



---------------  S Y S T E M  ---------------

OS:
 Windows 10 , 64 bit Build 18362 (10.0.18362.1500)
OS uptime: 0 days 8:11 hours

CPU: total 2 (initial active 2) (2 cores per cpu, 1 threads per core) family 6 model 42 stepping 7 microcode 0x2f, cx8, cmov, fxsr, mmx, sse, sse2, sse3, ssse3, sse4.1, sse4.2, popcnt, tsc, tscinvbit, clmul, clflush

Memory: 4k page, system-wide physical 6126M (920M free)
TotalPageFile size 8868M (AvailPageFile size 51M)
current process WorkingSet (physical memory assigned to process): 10M, peak: 10M
current process commit charge ("private bytes"): 47M, peak: 143M

vm_info: OpenJDK 64-Bit Server VM (16.0.1+9) for windows-amd64 JRE (16.0.1+9), built on Apr 20 2021 21:50:36 by "Administrator" with MS VC++ 15.9 (VS2017)

END.
