#
# There is insufficient memory for the Java Runtime Environment to continue.
# Native memory allocation (malloc) failed to allocate 222896 bytes for Chunk::new
# Possible reasons:
#   The system is out of physical RAM or swap space
#   The process is running with CompressedOops enabled, and the Java Heap may be blocking the growth of the native heap
# Possible solutions:
#   Reduce memory load on the system
#   Increase physical memory or swap space
#   Check if swap backing store is full
#   Decrease Java heap size (-Xmx/-Xms)
#   Decrease number of Java threads
#   Decrease Java thread stack sizes (-Xss)
#   Set larger code cache with -XX:ReservedCodeCacheSize=
#   JVM is running with Unscaled Compressed Oops mode in which the Java heap is
#     placed in the first 4GB address space. The Java Heap base address is the
#     maximum limit for the native heap growth. Please use -XX:HeapBaseMinAddress
#     to set the Java Heap base and to place the Java Heap above 4GB virtual address.
# This output file may be truncated or incomplete.
#
#  Out of Memory Error (arena.cpp:195), pid=9248, tid=10684
#
# JRE version: OpenJDK Runtime Environment Corretto-16.0.1.9.1 (16.0.1+9) (build 16.0.1+9)
# Java VM: OpenJDK 64-Bit Server VM Corretto-16.0.1.9.1 (16.0.1+9, mixed mode, sharing, tiered, compressed oops, compressed class ptrs, g1 gc, windows-amd64)
# No core dump will be written. Minidumps are not enabled by default on client versions of Windows
#

---------------  S U M M A R Y ------------

Command Line: -Dmaven.multiModuleProjectDirectory=D:\projects\java\Base de datos -Dmaven.home=D:\programs\IntelliJ IDEA 2021.1.2\plugins\maven\lib\maven3 -Dclassworlds.conf=D:\programs\IntelliJ IDEA 2021.1.2\plugins\maven\lib\maven3\bin\m2.conf -Dmaven.ext.class.path=D:\programs\IntelliJ IDEA 2021.1.2\plugins\maven\lib\maven-event-listener.jar -javaagent:D:\programs\IntelliJ IDEA 2021.1.2\lib\idea_rt.jar=63774:D:\programs\IntelliJ IDEA 2021.1.2\bin -Dfile.encoding=UTF-8 org.codehaus.classworlds.Launcher -Didea.version=2021.1.2 com.gluonhq:gluonfx-maven-plugin:1.0.3:install

Host: Intel(R) Pentium(R) CPU G620 @ 2.60GHz, 2 cores, 5G,  Windows 10 , 64 bit Build 18362 (10.0.18362.1500)
Time: Wed Jul 21 06:25:14 2021 Venezuela Standard Time elapsed time: 6.366616 seconds (0d 0h 0m 6s)

---------------  T H R E A D  ---------------

Current thread (0x00000245f254ea20):  JavaThread "C2 CompilerThread0" daemon [_thread_in_native, id=10684, stack(0x000000b803500000,0x000000b803600000)]


Current CompileTask:
C2:   6366 3360 %     4       java.io.WinNTFileSystem::normalize @ 58 (224 bytes)

Stack: [0x000000b803500000,0x000000b803600000]
Native frames: (J=compiled Java code, j=interpreted, Vv=VM code, C=native code)
V  [jvm.dll+0x647c6a]
V  [jvm.dll+0x7f0369]
V  [jvm.dll+0x7f1af3]
V  [jvm.dll+0x7f2143]
V  [jvm.dll+0x23dff8]
V  [jvm.dll+0xc87aa]
V  [jvm.dll+0xc8e9c]
V  [jvm.dll+0x351482]
V  [jvm.dll+0x1b758a]
V  [jvm.dll+0x210cef]
V  [jvm.dll+0x210187]
V  [jvm.dll+0x1a0f4b]
V  [jvm.dll+0x21fb79]
V  [jvm.dll+0x21dd0b]
V  [jvm.dll+0x7a8472]
V  [jvm.dll+0x7a204a]
V  [jvm.dll+0x646aa6]
C  [ucrtbase.dll+0x210b2]
C  [KERNEL32.DLL+0x17c24]
C  [ntdll.dll+0x6d721]


---------------  P R O C E S S  ---------------

Threads class SMR info:
_java_thread_list=0x00000245f31046b0, length=13, elements={
0x00000245d337a9b0, 0x00000245d344a8b0, 0x00000245d344d780, 0x00000245f2549c20,
0x00000245f254a730, 0x00000245f254d240, 0x00000245f254dc40, 0x00000245f254ea20,
0x00000245f25b8bf0, 0x00000245f25ba160, 0x00000245f25ea9e0, 0x00000245f3114ac0,
0x00000245f31184f0
}

Java Threads: ( => current thread )
  0x00000245d337a9b0 JavaThread "main" [_thread_in_native, id=10564, stack(0x000000b802700000,0x000000b802800000)]
  0x00000245d344a8b0 JavaThread "Reference Handler" daemon [_thread_blocked, id=7016, stack(0x000000b802f00000,0x000000b803000000)]
  0x00000245d344d780 JavaThread "Finalizer" daemon [_thread_blocked, id=3948, stack(0x000000b803000000,0x000000b803100000)]
  0x00000245f2549c20 JavaThread "Signal Dispatcher" daemon [_thread_blocked, id=2888, stack(0x000000b803100000,0x000000b803200000)]
  0x00000245f254a730 JavaThread "Attach Listener" daemon [_thread_blocked, id=10460, stack(0x000000b803200000,0x000000b803300000)]
  0x00000245f254d240 JavaThread "Service Thread" daemon [_thread_blocked, id=11136, stack(0x000000b803300000,0x000000b803400000)]
  0x00000245f254dc40 JavaThread "Monitor Deflation Thread" daemon [_thread_blocked, id=1460, stack(0x000000b803400000,0x000000b803500000)]
=>0x00000245f254ea20 JavaThread "C2 CompilerThread0" daemon [_thread_in_native, id=10684, stack(0x000000b803500000,0x000000b803600000)]
  0x00000245f25b8bf0 JavaThread "C1 CompilerThread0" daemon [_thread_blocked, id=8548, stack(0x000000b803600000,0x000000b803700000)]
  0x00000245f25ba160 JavaThread "Sweeper thread" daemon [_thread_blocked, id=9740, stack(0x000000b803700000,0x000000b803800000)]
  0x00000245f25ea9e0 JavaThread "Common-Cleaner" daemon [_thread_blocked, id=10260, stack(0x000000b803800000,0x000000b803900000)]
  0x00000245f3114ac0 JavaThread "Monitor Ctrl-Break" daemon [_thread_in_native, id=9940, stack(0x000000b803900000,0x000000b803a00000)]
  0x00000245f31184f0 JavaThread "Notification Thread" daemon [_thread_blocked, id=9376, stack(0x000000b803a00000,0x000000b803b00000)]

Other Threads:
  0x00000245d3443ae0 VMThread "VM Thread" [stack: 0x000000b802e00000,0x000000b802f00000] [id=8588]
  0x00000245f3114fe0 WatcherThread [stack: 0x000000b803b00000,0x000000b803c00000] [id=7640]
  0x00000245d33b06b0 GCTaskThread "GC Thread#0" [stack: 0x000000b802900000,0x000000b802a00000] [id=2736]
  0x00000245f304a2d0 GCTaskThread "GC Thread#1" [stack: 0x000000b803c00000,0x000000b803d00000] [id=7120]
  0x00000245d33bd670 ConcurrentGCThread "G1 Main Marker" [stack: 0x000000b802a00000,0x000000b802b00000] [id=9328]
  0x00000245d33be0e0 ConcurrentGCThread "G1 Conc#0" [stack: 0x000000b802b00000,0x000000b802c00000] [id=2932]
  0x00000245d3415c00 ConcurrentGCThread "G1 Refine#0" [stack: 0x000000b802c00000,0x000000b802d00000] [id=5756]
  0x00000245d3416680 ConcurrentGCThread "G1 Service" [stack: 0x000000b802d00000,0x000000b802e00000] [id=9412]

Threads with active compile tasks:
C2 CompilerThread0     7249 3360 %     4       java.io.WinNTFileSystem::normalize @ 58 (224 bytes)

VM state: not at safepoint (normal execution)

VM Mutex/Monitor currently owned by a thread: None

Heap address: 0x00000000a0400000, size: 1532 MB, Compressed Oops mode: 32-bit

CDS archive(s) mapped at: [0x0000000800000000-0x0000000800be0000-0x0000000800be0000), size 12451840, SharedBaseAddress: 0x0000000800000000, ArchiveRelocationMode: 0.
Compressed class space mapped at: 0x0000000800c00000-0x0000000840c00000, reserved size: 1073741824
Narrow klass base: 0x0000000800000000, Narrow klass shift: 3, Narrow klass range: 0x100000000

GC Precious Log:
 CPUs: 2 total, 2 available
 Memory: 6126M
 Large Page Support: Disabled
 NUMA Support: Disabled
 Compressed Oops: Enabled (32-bit)
 Heap Region Size: 1M
 Heap Min Capacity: 8M
 Heap Initial Capacity: 96M
 Heap Max Capacity: 1532M
 Pre-touch: Disabled
 Parallel Workers: 2
 Concurrent Workers: 1
 Concurrent Refinement Workers: 2
 Periodic GC: Disabled

Heap:
 garbage-first heap   total 98304K, used 30648K [0x00000000a0400000, 0x0000000100000000)
  region size 1024K, 28 young (28672K), 5 survivors (5120K)
 Metaspace       used 14310K, committed 14464K, reserved 1064960K
  class space    used 1528K, committed 1600K, reserved 1048576K

Heap Regions: E=young(eden), S=young(survivor), O=old, HS=humongous(starts), HC=humongous(continues), CS=collection set, F=free, OA=open archive, CA=closed archive, TAMS=top-at-mark-start (previous, next)
|   0|0x00000000a0400000, 0x00000000a0500000, 0x00000000a0500000|100%| O|  |TAMS 0x00000000a0400000, 0x00000000a0400000| Untracked 
|   1|0x00000000a0500000, 0x00000000a0600000, 0x00000000a0600000|100%| O|  |TAMS 0x00000000a0500000, 0x00000000a0500000| Untracked 
|   2|0x00000000a0600000, 0x00000000a0700000, 0x00000000a0700000|100%| O|  |TAMS 0x00000000a0600000, 0x00000000a0600000| Untracked 
|   3|0x00000000a0700000, 0x00000000a073b600, 0x00000000a0800000| 23%| O|  |TAMS 0x00000000a0700000, 0x00000000a0700000| Untracked 
|   4|0x00000000a0800000, 0x00000000a0800000, 0x00000000a0900000|  0%| F|  |TAMS 0x00000000a0800000, 0x00000000a0800000| Untracked 
|   5|0x00000000a0900000, 0x00000000a0900000, 0x00000000a0a00000|  0%| F|  |TAMS 0x00000000a0900000, 0x00000000a0900000| Untracked 
|   6|0x00000000a0a00000, 0x00000000a0a00000, 0x00000000a0b00000|  0%| F|  |TAMS 0x00000000a0a00000, 0x00000000a0a00000| Untracked 
|   7|0x00000000a0b00000, 0x00000000a0b00000, 0x00000000a0c00000|  0%| F|  |TAMS 0x00000000a0b00000, 0x00000000a0b00000| Untracked 
|   8|0x00000000a0c00000, 0x00000000a0c00000, 0x00000000a0d00000|  0%| F|  |TAMS 0x00000000a0c00000, 0x00000000a0c00000| Untracked 
|   9|0x00000000a0d00000, 0x00000000a0d00000, 0x00000000a0e00000|  0%| F|  |TAMS 0x00000000a0d00000, 0x00000000a0d00000| Untracked 
|  10|0x00000000a0e00000, 0x00000000a0e00000, 0x00000000a0f00000|  0%| F|  |TAMS 0x00000000a0e00000, 0x00000000a0e00000| Untracked 
|  11|0x00000000a0f00000, 0x00000000a0f00000, 0x00000000a1000000|  0%| F|  |TAMS 0x00000000a0f00000, 0x00000000a0f00000| Untracked 
|  12|0x00000000a1000000, 0x00000000a1000000, 0x00000000a1100000|  0%| F|  |TAMS 0x00000000a1000000, 0x00000000a1000000| Untracked 
|  13|0x00000000a1100000, 0x00000000a1100000, 0x00000000a1200000|  0%| F|  |TAMS 0x00000000a1100000, 0x00000000a1100000| Untracked 
|  14|0x00000000a1200000, 0x00000000a1200000, 0x00000000a1300000|  0%| F|  |TAMS 0x00000000a1200000, 0x00000000a1200000| Untracked 
|  15|0x00000000a1300000, 0x00000000a1300000, 0x00000000a1400000|  0%| F|  |TAMS 0x00000000a1300000, 0x00000000a1300000| Untracked 
|  16|0x00000000a1400000, 0x00000000a1400000, 0x00000000a1500000|  0%| F|  |TAMS 0x00000000a1400000, 0x00000000a1400000| Untracked 
|  17|0x00000000a1500000, 0x00000000a1500000, 0x00000000a1600000|  0%| F|  |TAMS 0x00000000a1500000, 0x00000000a1500000| Untracked 
|  18|0x00000000a1600000, 0x00000000a1600000, 0x00000000a1700000|  0%| F|  |TAMS 0x00000000a1600000, 0x00000000a1600000| Untracked 
|  19|0x00000000a1700000, 0x00000000a1700000, 0x00000000a1800000|  0%| F|  |TAMS 0x00000000a1700000, 0x00000000a1700000| Untracked 
|  20|0x00000000a1800000, 0x00000000a1800000, 0x00000000a1900000|  0%| F|  |TAMS 0x00000000a1800000, 0x00000000a1800000| Untracked 
|  21|0x00000000a1900000, 0x00000000a1900000, 0x00000000a1a00000|  0%| F|  |TAMS 0x00000000a1900000, 0x00000000a1900000| Untracked 
|  22|0x00000000a1a00000, 0x00000000a1a00000, 0x00000000a1b00000|  0%| F|  |TAMS 0x00000000a1a00000, 0x00000000a1a00000| Untracked 
|  23|0x00000000a1b00000, 0x00000000a1b00000, 0x00000000a1c00000|  0%| F|  |TAMS 0x00000000a1b00000, 0x00000000a1b00000| Untracked 
|  24|0x00000000a1c00000, 0x00000000a1c00000, 0x00000000a1d00000|  0%| F|  |TAMS 0x00000000a1c00000, 0x00000000a1c00000| Untracked 
|  25|0x00000000a1d00000, 0x00000000a1d00000, 0x00000000a1e00000|  0%| F|  |TAMS 0x00000000a1d00000, 0x00000000a1d00000| Untracked 
|  26|0x00000000a1e00000, 0x00000000a1e00000, 0x00000000a1f00000|  0%| F|  |TAMS 0x00000000a1e00000, 0x00000000a1e00000| Untracked 
|  27|0x00000000a1f00000, 0x00000000a1f00000, 0x00000000a2000000|  0%| F|  |TAMS 0x00000000a1f00000, 0x00000000a1f00000| Untracked 
|  28|0x00000000a2000000, 0x00000000a2000000, 0x00000000a2100000|  0%| F|  |TAMS 0x00000000a2000000, 0x00000000a2000000| Untracked 
|  29|0x00000000a2100000, 0x00000000a2100000, 0x00000000a2200000|  0%| F|  |TAMS 0x00000000a2100000, 0x00000000a2100000| Untracked 
|  30|0x00000000a2200000, 0x00000000a2200000, 0x00000000a2300000|  0%| F|  |TAMS 0x00000000a2200000, 0x00000000a2200000| Untracked 
|  31|0x00000000a2300000, 0x00000000a2300000, 0x00000000a2400000|  0%| F|  |TAMS 0x00000000a2300000, 0x00000000a2300000| Untracked 
|  32|0x00000000a2400000, 0x00000000a2400000, 0x00000000a2500000|  0%| F|  |TAMS 0x00000000a2400000, 0x00000000a2400000| Untracked 
|  33|0x00000000a2500000, 0x00000000a2500000, 0x00000000a2600000|  0%| F|  |TAMS 0x00000000a2500000, 0x00000000a2500000| Untracked 
|  34|0x00000000a2600000, 0x00000000a26b2bd8, 0x00000000a2700000| 69%| S|CS|TAMS 0x00000000a2600000, 0x00000000a2600000| Complete 
|  35|0x00000000a2700000, 0x00000000a2800000, 0x00000000a2800000|100%| S|CS|TAMS 0x00000000a2700000, 0x00000000a2700000| Complete 
|  36|0x00000000a2800000, 0x00000000a2900000, 0x00000000a2900000|100%| S|CS|TAMS 0x00000000a2800000, 0x00000000a2800000| Complete 
|  37|0x00000000a2900000, 0x00000000a2a00000, 0x00000000a2a00000|100%| S|CS|TAMS 0x00000000a2900000, 0x00000000a2900000| Complete 
|  38|0x00000000a2a00000, 0x00000000a2b00000, 0x00000000a2b00000|100%| S|CS|TAMS 0x00000000a2a00000, 0x00000000a2a00000| Complete 
|  39|0x00000000a2b00000, 0x00000000a2b00000, 0x00000000a2c00000|  0%| F|  |TAMS 0x00000000a2b00000, 0x00000000a2b00000| Untracked 
|  40|0x00000000a2c00000, 0x00000000a2c00000, 0x00000000a2d00000|  0%| F|  |TAMS 0x00000000a2c00000, 0x00000000a2c00000| Untracked 
|  41|0x00000000a2d00000, 0x00000000a2d00000, 0x00000000a2e00000|  0%| F|  |TAMS 0x00000000a2d00000, 0x00000000a2d00000| Untracked 
|  42|0x00000000a2e00000, 0x00000000a2e00000, 0x00000000a2f00000|  0%| F|  |TAMS 0x00000000a2e00000, 0x00000000a2e00000| Untracked 
|  43|0x00000000a2f00000, 0x00000000a2f00000, 0x00000000a3000000|  0%| F|  |TAMS 0x00000000a2f00000, 0x00000000a2f00000| Untracked 
|  44|0x00000000a3000000, 0x00000000a3000000, 0x00000000a3100000|  0%| F|  |TAMS 0x00000000a3000000, 0x00000000a3000000| Untracked 
|  45|0x00000000a3100000, 0x00000000a3100000, 0x00000000a3200000|  0%| F|  |TAMS 0x00000000a3100000, 0x00000000a3100000| Untracked 
|  46|0x00000000a3200000, 0x00000000a3200000, 0x00000000a3300000|  0%| F|  |TAMS 0x00000000a3200000, 0x00000000a3200000| Untracked 
|  47|0x00000000a3300000, 0x00000000a3300000, 0x00000000a3400000|  0%| F|  |TAMS 0x00000000a3300000, 0x00000000a3300000| Untracked 
|  48|0x00000000a3400000, 0x00000000a3400000, 0x00000000a3500000|  0%| F|  |TAMS 0x00000000a3400000, 0x00000000a3400000| Untracked 
|  49|0x00000000a3500000, 0x00000000a3500000, 0x00000000a3600000|  0%| F|  |TAMS 0x00000000a3500000, 0x00000000a3500000| Untracked 
|  50|0x00000000a3600000, 0x00000000a3600000, 0x00000000a3700000|  0%| F|  |TAMS 0x00000000a3600000, 0x00000000a3600000| Untracked 
|  51|0x00000000a3700000, 0x00000000a3700000, 0x00000000a3800000|  0%| F|  |TAMS 0x00000000a3700000, 0x00000000a3700000| Untracked 
|  52|0x00000000a3800000, 0x00000000a3800000, 0x00000000a3900000|  0%| F|  |TAMS 0x00000000a3800000, 0x00000000a3800000| Untracked 
|  53|0x00000000a3900000, 0x00000000a3900000, 0x00000000a3a00000|  0%| F|  |TAMS 0x00000000a3900000, 0x00000000a3900000| Untracked 
|  54|0x00000000a3a00000, 0x00000000a3a00000, 0x00000000a3b00000|  0%| F|  |TAMS 0x00000000a3a00000, 0x00000000a3a00000| Untracked 
|  55|0x00000000a3b00000, 0x00000000a3b00000, 0x00000000a3c00000|  0%| F|  |TAMS 0x00000000a3b00000, 0x00000000a3b00000| Untracked 
|  56|0x00000000a3c00000, 0x00000000a3c00000, 0x00000000a3d00000|  0%| F|  |TAMS 0x00000000a3c00000, 0x00000000a3c00000| Untracked 
|  57|0x00000000a3d00000, 0x00000000a3d00000, 0x00000000a3e00000|  0%| F|  |TAMS 0x00000000a3d00000, 0x00000000a3d00000| Untracked 
|  58|0x00000000a3e00000, 0x00000000a3e00000, 0x00000000a3f00000|  0%| F|  |TAMS 0x00000000a3e00000, 0x00000000a3e00000| Untracked 
|  59|0x00000000a3f00000, 0x00000000a3f00000, 0x00000000a4000000|  0%| F|  |TAMS 0x00000000a3f00000, 0x00000000a3f00000| Untracked 
|  60|0x00000000a4000000, 0x00000000a4000000, 0x00000000a4100000|  0%| F|  |TAMS 0x00000000a4000000, 0x00000000a4000000| Untracked 
|  61|0x00000000a4100000, 0x00000000a4100000, 0x00000000a4200000|  0%| F|  |TAMS 0x00000000a4100000, 0x00000000a4100000| Untracked 
|  62|0x00000000a4200000, 0x00000000a4200000, 0x00000000a4300000|  0%| F|  |TAMS 0x00000000a4200000, 0x00000000a4200000| Untracked 
|  63|0x00000000a4300000, 0x00000000a4300000, 0x00000000a4400000|  0%| F|  |TAMS 0x00000000a4300000, 0x00000000a4300000| Untracked 
|  64|0x00000000a4400000, 0x00000000a4400000, 0x00000000a4500000|  0%| F|  |TAMS 0x00000000a4400000, 0x00000000a4400000| Untracked 
|  65|0x00000000a4500000, 0x00000000a4500000, 0x00000000a4600000|  0%| F|  |TAMS 0x00000000a4500000, 0x00000000a4500000| Untracked 
|  66|0x00000000a4600000, 0x00000000a4600000, 0x00000000a4700000|  0%| F|  |TAMS 0x00000000a4600000, 0x00000000a4600000| Untracked 
|  67|0x00000000a4700000, 0x00000000a4700000, 0x00000000a4800000|  0%| F|  |TAMS 0x00000000a4700000, 0x00000000a4700000| Untracked 
|  68|0x00000000a4800000, 0x00000000a4800000, 0x00000000a4900000|  0%| F|  |TAMS 0x00000000a4800000, 0x00000000a4800000| Untracked 
|  69|0x00000000a4900000, 0x00000000a4900000, 0x00000000a4a00000|  0%| F|  |TAMS 0x00000000a4900000, 0x00000000a4900000| Untracked 
|  70|0x00000000a4a00000, 0x00000000a4a00000, 0x00000000a4b00000|  0%| F|  |TAMS 0x00000000a4a00000, 0x00000000a4a00000| Untracked 
|  71|0x00000000a4b00000, 0x00000000a4b00000, 0x00000000a4c00000|  0%| F|  |TAMS 0x00000000a4b00000, 0x00000000a4b00000| Untracked 
|  72|0x00000000a4c00000, 0x00000000a4c00000, 0x00000000a4d00000|  0%| F|  |TAMS 0x00000000a4c00000, 0x00000000a4c00000| Untracked 
|  73|0x00000000a4d00000, 0x00000000a4d80800, 0x00000000a4e00000| 50%| E|  |TAMS 0x00000000a4d00000, 0x00000000a4d00000| Complete 
|  74|0x00000000a4e00000, 0x00000000a4f00000, 0x00000000a4f00000|100%| E|CS|TAMS 0x00000000a4e00000, 0x00000000a4e00000| Complete 
|  75|0x00000000a4f00000, 0x00000000a5000000, 0x00000000a5000000|100%| E|CS|TAMS 0x00000000a4f00000, 0x00000000a4f00000| Complete 
|  76|0x00000000a5000000, 0x00000000a5100000, 0x00000000a5100000|100%| E|CS|TAMS 0x00000000a5000000, 0x00000000a5000000| Complete 
|  77|0x00000000a5100000, 0x00000000a5200000, 0x00000000a5200000|100%| E|CS|TAMS 0x00000000a5100000, 0x00000000a5100000| Complete 
|  78|0x00000000a5200000, 0x00000000a5300000, 0x00000000a5300000|100%| E|CS|TAMS 0x00000000a5200000, 0x00000000a5200000| Complete 
|  79|0x00000000a5300000, 0x00000000a5400000, 0x00000000a5400000|100%| E|CS|TAMS 0x00000000a5300000, 0x00000000a5300000| Complete 
|  80|0x00000000a5400000, 0x00000000a5500000, 0x00000000a5500000|100%| E|CS|TAMS 0x00000000a5400000, 0x00000000a5400000| Complete 
|  81|0x00000000a5500000, 0x00000000a5600000, 0x00000000a5600000|100%| E|CS|TAMS 0x00000000a5500000, 0x00000000a5500000| Complete 
|  82|0x00000000a5600000, 0x00000000a5700000, 0x00000000a5700000|100%| E|CS|TAMS 0x00000000a5600000, 0x00000000a5600000| Complete 
|  83|0x00000000a5700000, 0x00000000a5800000, 0x00000000a5800000|100%| E|CS|TAMS 0x00000000a5700000, 0x00000000a5700000| Complete 
|  84|0x00000000a5800000, 0x00000000a5900000, 0x00000000a5900000|100%| E|CS|TAMS 0x00000000a5800000, 0x00000000a5800000| Complete 
|  85|0x00000000a5900000, 0x00000000a5a00000, 0x00000000a5a00000|100%| E|CS|TAMS 0x00000000a5900000, 0x00000000a5900000| Complete 
|  86|0x00000000a5a00000, 0x00000000a5b00000, 0x00000000a5b00000|100%| E|CS|TAMS 0x00000000a5a00000, 0x00000000a5a00000| Complete 
|  87|0x00000000a5b00000, 0x00000000a5c00000, 0x00000000a5c00000|100%| E|CS|TAMS 0x00000000a5b00000, 0x00000000a5b00000| Complete 
|  88|0x00000000a5c00000, 0x00000000a5d00000, 0x00000000a5d00000|100%| E|CS|TAMS 0x00000000a5c00000, 0x00000000a5c00000| Complete 
|  89|0x00000000a5d00000, 0x00000000a5e00000, 0x00000000a5e00000|100%| E|CS|TAMS 0x00000000a5d00000, 0x00000000a5d00000| Complete 
|  90|0x00000000a5e00000, 0x00000000a5f00000, 0x00000000a5f00000|100%| E|CS|TAMS 0x00000000a5e00000, 0x00000000a5e00000| Complete 
|  91|0x00000000a5f00000, 0x00000000a6000000, 0x00000000a6000000|100%| E|CS|TAMS 0x00000000a5f00000, 0x00000000a5f00000| Complete 
|  92|0x00000000a6000000, 0x00000000a6100000, 0x00000000a6100000|100%| E|CS|TAMS 0x00000000a6000000, 0x00000000a6000000| Complete 
|  93|0x00000000a6100000, 0x00000000a6200000, 0x00000000a6200000|100%| E|CS|TAMS 0x00000000a6100000, 0x00000000a6100000| Complete 
|  94|0x00000000a6200000, 0x00000000a6300000, 0x00000000a6300000|100%| E|CS|TAMS 0x00000000a6200000, 0x00000000a6200000| Complete 
|  95|0x00000000a6300000, 0x00000000a6400000, 0x00000000a6400000|100%| E|CS|TAMS 0x00000000a6300000, 0x00000000a6300000| Complete 

Card table byte_map: [0x00000245ecc20000,0x00000245ecf20000] _byte_map_base: 0x00000245ec71e000

Marking Bits (Prev, Next): (CMBitMap*) 0x00000245d33b0d20, (CMBitMap*) 0x00000245d33b0d60
 Prev Bits: [0x00000245ed220000, 0x00000245eea10000)
 Next Bits: [0x00000245eea10000, 0x00000245f0200000)

Polling page: 0x00000245d3180000

Metaspace:

Usage:
  Non-class:     12.48 MB used.
      Class:      1.49 MB used.
       Both:     13.98 MB used.

Virtual space:
  Non-class space:       16.00 MB reserved,      12.56 MB ( 79%) committed,  2 nodes.
      Class space:        1.00 GB reserved,       1.56 MB ( <1%) committed,  1 nodes.
              Both:        1.02 GB reserved,      14.13 MB (  1%) committed. 

Chunk freelists:
   Non-Class:  3.14 MB
       Class:  2.39 MB
        Both:  5.53 MB

MaxMetaspaceSize: 17179869184.00 GB
CompressedClassSpaceSize: 1.00 GB
 - commit_granule_bytes: 65536.
 - commit_granule_words: 8192.
 - virtual_space_node_default_size: 1048576.
 - enlarge_chunks_in_place: 1.
 - new_chunks_are_fully_committed: 0.
 - uncommit_free_chunks: 1.
 - use_allocation_guard: 0.
 - handle_deallocations: 1.


Internal statistics:

num_allocs_failed_limit: 0.
num_arena_births: 82.
num_arena_deaths: 0.
num_vsnodes_births: 3.
num_vsnodes_deaths: 0.
num_space_committed: 226.
num_space_uncommitted: 0.
num_chunks_returned_to_freelist: 0.
num_chunks_taken_from_freelist: 527.
num_chunk_merges: 0.
num_chunk_splits: 383.
num_chunks_enlarged: 304.
num_purges: 0.

CodeHeap 'non-profiled nmethods': size=120064Kb used=1582Kb max_used=1582Kb free=118481Kb
 bounds [0x00000245e4fe0000, 0x00000245e5250000, 0x00000245ec520000]
CodeHeap 'profiled nmethods': size=120000Kb used=6886Kb max_used=6886Kb free=113113Kb
 bounds [0x00000245ddab0000, 0x00000245de170000, 0x00000245e4fe0000]
CodeHeap 'non-nmethods': size=5696Kb used=1204Kb max_used=1233Kb free=4491Kb
 bounds [0x00000245dd520000, 0x00000245dd790000, 0x00000245ddab0000]
 total_blobs=3905 nmethods=3406 adapters=412
 compilation: enabled
              stopped_count=0, restarted_count=0
 full_count=0

Compilation events (20 events):
Event: 6.203 Thread 0x00000245f254ea20 nmethod 3353 0x00000245e5168890 code [0x00000245e5168a20, 0x00000245e5168ab8]
Event: 6.203 Thread 0x00000245f254ea20 3354       4       com.google.inject.internal.InjectorImpl::enterContext (65 bytes)
Event: 6.203 Thread 0x00000245f25b8bf0 3355   !   3       org.apache.maven.model.ActivationProperty::clone (73 bytes)
Event: 6.204 Thread 0x00000245f25b8bf0 nmethod 3355 0x00000245de14a910 code [0x00000245de14abc0, 0x00000245de14b838]
Event: 6.204 Thread 0x00000245f25b8bf0 3356       1       org.apache.maven.model.IssueManagement::getUrl (5 bytes)
Event: 6.204 Thread 0x00000245f25b8bf0 nmethod 3356 0x00000245e5168b90 code [0x00000245e5168d20, 0x00000245e5168df8]
Event: 6.204 Thread 0x00000245f25b8bf0 3357       1       org.apache.maven.model.IssueManagement::getSystem (5 bytes)
Event: 6.204 Thread 0x00000245f25b8bf0 nmethod 3357 0x00000245e5168e90 code [0x00000245e5169020, 0x00000245e51690f8]
Event: 6.205 Thread 0x00000245f25b8bf0 3358       3       org.eclipse.aether.util.repository.DefaultMirrorSelector::findMirror (149 bytes)
Event: 6.206 Thread 0x00000245f25b8bf0 nmethod 3358 0x00000245de14bd10 code [0x00000245de14bfc0, 0x00000245de14ce08]
Event: 6.206 Thread 0x00000245f25b8bf0 3359       1       org.eclipse.aether.graph.Dependency::getExclusions (5 bytes)
Event: 6.206 Thread 0x00000245f25b8bf0 nmethod 3359 0x00000245e5169190 code [0x00000245e5169320, 0x00000245e51693f8]
Event: 6.216 Thread 0x00000245f254ea20 nmethod 3354 0x00000245e5169490 code [0x00000245e5169660, 0x00000245e516a098]
Event: 6.216 Thread 0x00000245f254ea20 3360 %     4       java.io.WinNTFileSystem::normalize @ 58 (224 bytes)
Event: 6.222 Thread 0x00000245f25b8bf0 3361       3       java.util.HashMap::clear (50 bytes)
Event: 6.223 Thread 0x00000245f25b8bf0 nmethod 3361 0x00000245de14d290 code [0x00000245de14d440, 0x00000245de14d838]
Event: 6.240 Thread 0x00000245f25b8bf0 3362       3       java.util.Properties::containsKey (9 bytes)
Event: 6.240 Thread 0x00000245f25b8bf0 nmethod 3362 0x00000245de14d990 code [0x00000245de14db40, 0x00000245de14dd48]
Event: 6.241 Thread 0x00000245f25b8bf0 3363       3       java.lang.AbstractStringBuilder::append (60 bytes)
Event: 6.241 Thread 0x00000245f25b8bf0 nmethod 3363 0x00000245de14de90 code [0x00000245de14e080, 0x00000245de14e3b8]

GC Heap History (10 events):
Event: 0.886 GC heap before
{Heap before GC invocations=0 (full 0):
 garbage-first heap   total 98304K, used 6144K [0x00000000a0400000, 0x0000000100000000)
  region size 1024K, 6 young (6144K), 0 survivors (0K)
 Metaspace       used 2131K, committed 2304K, reserved 1056768K
  class space    used 178K, committed 256K, reserved 1048576K
}
Event: 0.889 GC heap after
{Heap after GC invocations=1 (full 0):
 garbage-first heap   total 98304K, used 2185K [0x00000000a0400000, 0x0000000100000000)
  region size 1024K, 1 young (1024K), 1 survivors (1024K)
 Metaspace       used 2131K, committed 2304K, reserved 1056768K
  class space    used 178K, committed 256K, reserved 1048576K
}
Event: 1.148 GC heap before
{Heap before GC invocations=1 (full 0):
 garbage-first heap   total 98304K, used 6281K [0x00000000a0400000, 0x0000000100000000)
  region size 1024K, 5 young (5120K), 1 survivors (1024K)
 Metaspace       used 3314K, committed 3520K, reserved 1056768K
  class space    used 286K, committed 384K, reserved 1048576K
}
Event: 1.152 GC heap after
{Heap after GC invocations=2 (full 0):
 garbage-first heap   total 98304K, used 3292K [0x00000000a0400000, 0x0000000100000000)
  region size 1024K, 1 young (1024K), 1 survivors (1024K)
 Metaspace       used 3314K, committed 3520K, reserved 1056768K
  class space    used 286K, committed 384K, reserved 1048576K
}
Event: 1.551 GC heap before
{Heap before GC invocations=2 (full 0):
 garbage-first heap   total 98304K, used 13532K [0x00000000a0400000, 0x0000000100000000)
  region size 1024K, 11 young (11264K), 1 survivors (1024K)
 Metaspace       used 5980K, committed 6144K, reserved 1056768K
  class space    used 635K, committed 704K, reserved 1048576K
}
Event: 1.555 GC heap after
{Heap after GC invocations=3 (full 0):
 garbage-first heap   total 98304K, used 4105K [0x00000000a0400000, 0x0000000100000000)
  region size 1024K, 2 young (2048K), 2 survivors (2048K)
 Metaspace       used 5980K, committed 6144K, reserved 1056768K
  class space    used 635K, committed 704K, reserved 1048576K
}
Event: 2.077 GC heap before
{Heap before GC invocations=3 (full 0):
 garbage-first heap   total 98304K, used 24585K [0x00000000a0400000, 0x0000000100000000)
  region size 1024K, 22 young (22528K), 2 survivors (2048K)
 Metaspace       used 8163K, committed 8384K, reserved 1064960K
  class space    used 887K, committed 1024K, reserved 1048576K
}
Event: 2.082 GC heap after
{Heap after GC invocations=4 (full 0):
 garbage-first heap   total 98304K, used 4962K [0x00000000a0400000, 0x0000000100000000)
  region size 1024K, 2 young (2048K), 2 survivors (2048K)
 Metaspace       used 8163K, committed 8384K, reserved 1064960K
  class space    used 887K, committed 1024K, reserved 1048576K
}
Event: 4.902 GC heap before
{Heap before GC invocations=4 (full 0):
 garbage-first heap   total 98304K, used 61282K [0x00000000a0400000, 0x0000000100000000)
  region size 1024K, 57 young (58368K), 2 survivors (2048K)
 Metaspace       used 14091K, committed 14208K, reserved 1064960K
  class space    used 1525K, committed 1600K, reserved 1048576K
}
Event: 4.915 GC heap after
{Heap after GC invocations=5 (full 0):
 garbage-first heap   total 98304K, used 8120K [0x00000000a0400000, 0x0000000100000000)
  region size 1024K, 5 young (5120K), 5 survivors (5120K)
 Metaspace       used 14091K, committed 14208K, reserved 1064960K
  class space    used 1525K, committed 1600K, reserved 1048576K
}

Deoptimization events (20 events):
Event: 5.151 Thread 0x00000245d337a9b0 Uncommon trap: trap_request=0xffffffbe fr.pc=0x00000245e51436e8 relative=0x0000000000001008
Event: 5.151 Thread 0x00000245d337a9b0 Uncommon trap: reason=profile_predicate action=maybe_recompile pc=0x00000245e51436e8 method=java.util.concurrent.ConcurrentHashMap.putAll(Ljava/util/Map;)V @ 28 c2
Event: 5.151 Thread 0x00000245d337a9b0 DEOPT PACKING pc=0x00000245e51436e8 sp=0x000000b8027fc910
Event: 5.151 Thread 0x00000245d337a9b0 DEOPT UNPACKING pc=0x00000245dd56d728 sp=0x000000b8027fc8e0 mode 2
Event: 5.834 Thread 0x00000245d337a9b0 Uncommon trap: trap_request=0xffffffbe fr.pc=0x00000245e513ca88 relative=0x0000000000000448
Event: 5.834 Thread 0x00000245d337a9b0 Uncommon trap: reason=profile_predicate action=maybe_recompile pc=0x00000245e513ca88 method=sun.nio.cs.ISO_8859_1$Decoder.decodeArrayLoop(Ljava/nio/ByteBuffer;Ljava/nio/CharBuffer;)Ljava/nio/charset/CoderResult; @ 133 c2
Event: 5.834 Thread 0x00000245d337a9b0 DEOPT PACKING pc=0x00000245e513ca88 sp=0x000000b8027fc370
Event: 5.835 Thread 0x00000245d337a9b0 DEOPT UNPACKING pc=0x00000245dd56d728 sp=0x000000b8027fc2e0 mode 2
Event: 5.835 Thread 0x00000245d337a9b0 Uncommon trap: trap_request=0xffffffbe fr.pc=0x00000245e513ca88 relative=0x0000000000000448
Event: 5.835 Thread 0x00000245d337a9b0 Uncommon trap: reason=profile_predicate action=maybe_recompile pc=0x00000245e513ca88 method=sun.nio.cs.ISO_8859_1$Decoder.decodeArrayLoop(Ljava/nio/ByteBuffer;Ljava/nio/CharBuffer;)Ljava/nio/charset/CoderResult; @ 133 c2
Event: 5.835 Thread 0x00000245d337a9b0 DEOPT PACKING pc=0x00000245e513ca88 sp=0x000000b8027fc050
Event: 5.835 Thread 0x00000245d337a9b0 DEOPT UNPACKING pc=0x00000245dd56d728 sp=0x000000b8027fbfc0 mode 2
Event: 5.835 Thread 0x00000245d337a9b0 Uncommon trap: trap_request=0xffffffbe fr.pc=0x00000245e513ca88 relative=0x0000000000000448
Event: 5.835 Thread 0x00000245d337a9b0 Uncommon trap: reason=profile_predicate action=maybe_recompile pc=0x00000245e513ca88 method=sun.nio.cs.ISO_8859_1$Decoder.decodeArrayLoop(Ljava/nio/ByteBuffer;Ljava/nio/CharBuffer;)Ljava/nio/charset/CoderResult; @ 133 c2
Event: 5.835 Thread 0x00000245d337a9b0 DEOPT PACKING pc=0x00000245e513ca88 sp=0x000000b8027fc290
Event: 5.835 Thread 0x00000245d337a9b0 DEOPT UNPACKING pc=0x00000245dd56d728 sp=0x000000b8027fc200 mode 2
Event: 5.836 Thread 0x00000245d337a9b0 Uncommon trap: trap_request=0xffffffbe fr.pc=0x00000245e513ca88 relative=0x0000000000000448
Event: 5.836 Thread 0x00000245d337a9b0 Uncommon trap: reason=profile_predicate action=maybe_recompile pc=0x00000245e513ca88 method=sun.nio.cs.ISO_8859_1$Decoder.decodeArrayLoop(Ljava/nio/ByteBuffer;Ljava/nio/CharBuffer;)Ljava/nio/charset/CoderResult; @ 133 c2
Event: 5.836 Thread 0x00000245d337a9b0 DEOPT PACKING pc=0x00000245e513ca88 sp=0x000000b8027fc240
Event: 5.836 Thread 0x00000245d337a9b0 DEOPT UNPACKING pc=0x00000245dd56d728 sp=0x000000b8027fc1b0 mode 2

Classes unloaded (0 events):
No events

Classes redefined (0 events):
No events

Internal exceptions (12 events):
Event: 0.445 Thread 0x00000245f3114ac0 Exception <a 'java/lang/NoSuchMethodError'{0x00000000a613d7d0}: 'java.lang.Object java.lang.invoke.DirectMethodHandle$Holder.invokeStatic(java.lang.Object)'> (0x00000000a613d7d0) 
thrown [c:\wsjdk\correttojdksrc\installers\windows\zip\corretto-build\buildroot\src\hotspot\share\interpreter\linkResolver.cpp, line 790]
Event: 0.446 Thread 0x00000245f3114ac0 Exception <a 'java/lang/NoSuchMethodError'{0x00000000a61410e0}: 'java.lang.Object java.lang.invoke.DirectMethodHandle$Holder.invokeStaticInit(java.lang.Object)'> (0x00000000a61410e0) 
thrown [c:\wsjdk\correttojdksrc\installers\windows\zip\corretto-build\buildroot\src\hotspot\share\interpreter\linkResolver.cpp, line 790]
Event: 0.455 Thread 0x00000245f3114ac0 Exception <a 'java/lang/NoSuchMethodError'{0x00000000a614edc8}: 'void java.lang.invoke.DirectMethodHandle$Holder.invokeStatic(java.lang.Object, java.lang.Object)'> (0x00000000a614edc8) 
thrown [c:\wsjdk\correttojdksrc\installers\windows\zip\corretto-build\buildroot\src\hotspot\share\interpreter\linkResolver.cpp, line 790]
Event: 0.638 Thread 0x00000245d337a9b0 Exception <a 'java/lang/NoSuchMethodError'{0x00000000a5fb8ea0}: 'java.lang.Object java.lang.invoke.DirectMethodHandle$Holder.invokeStaticInit(java.lang.Object, int, int, int, int)'> (0x00000000a5fb8ea0) 
thrown [c:\wsjdk\correttojdksrc\installers\windows\zip\corretto-build\buildroot\src\hotspot\share\interpreter\linkResolver.cpp, line 790]
Event: 0.719 Thread 0x00000245d337a9b0 Exception <a 'java/lang/NoSuchMethodError'{0x00000000a5e74928}: 'java.lang.Object java.lang.invoke.DirectMethodHandle$Holder.invokeStaticInit(java.lang.Object, java.lang.Object, int, int, int, int)'> (0x00000000a5e74928) 
thrown [c:\wsjdk\correttojdksrc\installers\windows\zip\corretto-build\buildroot\src\hotspot\share\interpreter\linkResolver.cpp, line 790]
Event: 1.252 Thread 0x00000245d337a9b0 Exception <a 'java/lang/NoSuchMethodError'{0x00000000a62eaee0}: 'void java.lang.invoke.DirectMethodHandle$Holder.invokeSpecial(java.lang.Object, java.lang.Object, java.lang.Object)'> (0x00000000a62eaee0) 
thrown [c:\wsjdk\correttojdksrc\installers\windows\zip\corretto-build\buildroot\src\hotspot\share\interpreter\linkResolver.cpp, line 790]
Event: 1.436 Thread 0x00000245d337a9b0 Exception <a 'java/lang/NoSuchMethodError'{0x00000000a5b0d208}: 'java.lang.Object java.lang.invoke.DirectMethodHandle$Holder.newInvokeSpecial(java.lang.Object, java.lang.Object, java.lang.Object, java.lang.Object, java.lang.Object)'> (0x00000000a5b0d208) 
thrown [c:\wsjdk\correttojdksrc\installers\windows\zip\corretto-build\buildroot\src\hotspot\share\interpreter\linkResolver.cpp, line 790]
Event: 2.641 Thread 0x00000245d337a9b0 Exception <a 'java/lang/NoClassDefFoundError'{0x00000000a54d7280}: com/google/inject/servlet/ServletModuleTargetVisitor> (0x00000000a54d7280) 
thrown [c:\wsjdk\correttojdksrc\installers\windows\zip\corretto-build\buildroot\src\hotspot\share\classfile\systemDictionary.cpp, line 245]
Event: 2.641 Thread 0x00000245d337a9b0 Exception <a 'java/lang/NoClassDefFoundError'{0x00000000a54d8ce8}: javax/annotation/Priority> (0x00000000a54d8ce8) 
thrown [c:\wsjdk\correttojdksrc\installers\windows\zip\corretto-build\buildroot\src\hotspot\share\classfile\systemDictionary.cpp, line 245]
Event: 3.424 Thread 0x00000245d337a9b0 Implicit null exception at 0x00000245e5079e71 to 0x00000245e507a054
Event: 3.787 Thread 0x00000245d337a9b0 Implicit null exception at 0x00000245e507d571 to 0x00000245e507d744
Event: 3.787 Thread 0x00000245d337a9b0 Implicit null exception at 0x00000245e50593af to 0x00000245e505942d

Events (20 events):
Event: 5.001 Executing  VM operation: ICBufferFull
Event: 5.001 Executing  VM operation: ICBufferFull done
Event: 5.067 Executing  VM operation: ICBufferFull
Event: 5.067 Executing  VM operation: ICBufferFull done
Event: 5.106 Executing  VM operation: ICBufferFull
Event: 5.106 Executing  VM operation: ICBufferFull done
Event: 5.166 Executing  VM operation: ICBufferFull
Event: 5.166 Executing  VM operation: ICBufferFull done
Event: 5.347 Executing  VM operation: ICBufferFull
Event: 5.347 Executing  VM operation: ICBufferFull done
Event: 5.607 Executing  VM operation: ICBufferFull
Event: 5.607 Executing  VM operation: ICBufferFull done
Event: 5.683 Executing  VM operation: HandshakeAllThreads
Event: 5.683 Executing  VM operation: HandshakeAllThreads done
Event: 5.712 Executing  VM operation: ICBufferFull
Event: 5.712 Executing  VM operation: ICBufferFull done
Event: 5.986 Executing  VM operation: ICBufferFull
Event: 5.986 Executing  VM operation: ICBufferFull done
Event: 6.173 Executing  VM operation: ICBufferFull
Event: 6.173 Executing  VM operation: ICBufferFull done


Dynamic libraries:
0x00007ff67f6f0000 - 0x00007ff67f6fd000 	D:\programs\Amazon Corretto\jdk16.0.1_9\bin\java.exe
0x00007ffd535e0000 - 0x00007ffd537d0000 	C:\WINDOWS\SYSTEM32\ntdll.dll
0x00007ffd51b50000 - 0x00007ffd51c02000 	C:\WINDOWS\System32\KERNEL32.DLL
0x00007ffd51200000 - 0x00007ffd514a5000 	C:\WINDOWS\System32\KERNELBASE.dll
0x00007ffd51060000 - 0x00007ffd5115a000 	C:\WINDOWS\System32\ucrtbase.dll
0x00007ffd15290000 - 0x00007ffd152a8000 	D:\programs\Amazon Corretto\jdk16.0.1_9\bin\jli.dll
0x00007ffd51c10000 - 0x00007ffd51da4000 	C:\WINDOWS\System32\USER32.dll
0x00007ffd50f80000 - 0x00007ffd50fa1000 	C:\WINDOWS\System32\win32u.dll
0x00007ffd51db0000 - 0x00007ffd51dd6000 	C:\WINDOWS\System32\GDI32.dll
0x00007ffd50660000 - 0x00007ffd507f8000 	C:\WINDOWS\System32\gdi32full.dll
0x00007ffd51160000 - 0x00007ffd511fe000 	C:\WINDOWS\System32\msvcp_win.dll
0x00007ffd110d0000 - 0x00007ffd110e5000 	D:\programs\Amazon Corretto\jdk16.0.1_9\bin\VCRUNTIME140.dll
0x00007ffd43cc0000 - 0x00007ffd43f44000 	C:\WINDOWS\WinSxS\amd64_microsoft.windows.common-controls_6595b64144ccf1df_6.0.18362.1556_none_9e7e372fe45e41d5\COMCTL32.dll
0x00007ffd51ab0000 - 0x00007ffd51b4e000 	C:\WINDOWS\System32\msvcrt.dll
0x00007ffd52b70000 - 0x00007ffd52ea6000 	C:\WINDOWS\System32\combase.dll
0x00007ffd51de0000 - 0x00007ffd51eff000 	C:\WINDOWS\System32\RPCRT4.dll
0x00007ffd50570000 - 0x00007ffd505f1000 	C:\WINDOWS\System32\bcryptPrimitives.dll
0x00007ffd517d0000 - 0x00007ffd517fe000 	C:\WINDOWS\System32\IMM32.DLL
0x00007ffd0b950000 - 0x00007ffd0b9eb000 	D:\programs\Amazon Corretto\jdk16.0.1_9\bin\msvcp140.dll
0x00007ffcee0c0000 - 0x00007ffceecc9000 	D:\programs\Amazon Corretto\jdk16.0.1_9\bin\server\jvm.dll
0x00007ffd52ed0000 - 0x00007ffd52f73000 	C:\WINDOWS\System32\ADVAPI32.dll
0x00007ffd52990000 - 0x00007ffd52a27000 	C:\WINDOWS\System32\sechost.dll
0x00007ffd52f80000 - 0x00007ffd52f88000 	C:\WINDOWS\System32\PSAPI.DLL
0x00007ffd43c60000 - 0x00007ffd43c69000 	C:\WINDOWS\SYSTEM32\WSOCK32.dll
0x00007ffd53400000 - 0x00007ffd5346f000 	C:\WINDOWS\System32\WS2_32.dll
0x00007ffd4e4d0000 - 0x00007ffd4e4f4000 	C:\WINDOWS\SYSTEM32\WINMM.dll
0x00007ffd4a6d0000 - 0x00007ffd4a6da000 	C:\WINDOWS\SYSTEM32\VERSION.dll
0x00007ffd4e4a0000 - 0x00007ffd4e4cd000 	C:\WINDOWS\SYSTEM32\WINMMBASE.dll
0x00007ffd51640000 - 0x00007ffd5168a000 	C:\WINDOWS\System32\cfgmgr32.dll
0x00007ffd50510000 - 0x00007ffd50521000 	C:\WINDOWS\System32\kernel.appcore.dll
0x00007ffd16050000 - 0x00007ffd1605a000 	D:\programs\Amazon Corretto\jdk16.0.1_9\bin\jimage.dll
0x00007ffd40360000 - 0x00007ffd40554000 	C:\WINDOWS\SYSTEM32\DBGHELP.DLL
0x00007ffd40330000 - 0x00007ffd4035a000 	C:\WINDOWS\SYSTEM32\dbgcore.DLL
0x00007ffd15d30000 - 0x00007ffd15d3e000 	D:\programs\Amazon Corretto\jdk16.0.1_9\bin\instrument.dll
0x00007ffd0d5c0000 - 0x00007ffd0d5e5000 	D:\programs\Amazon Corretto\jdk16.0.1_9\bin\java.dll
0x00007ffd521f0000 - 0x00007ffd528d7000 	C:\WINDOWS\System32\SHELL32.dll
0x00007ffd51720000 - 0x00007ffd517c8000 	C:\WINDOWS\System32\shcore.dll
0x00007ffd50800000 - 0x00007ffd50f7b000 	C:\WINDOWS\System32\windows.storage.dll
0x00007ffd50530000 - 0x00007ffd5054e000 	C:\WINDOWS\System32\profapi.dll
0x00007ffd504a0000 - 0x00007ffd504ea000 	C:\WINDOWS\System32\powrprof.dll
0x00007ffd50490000 - 0x00007ffd504a0000 	C:\WINDOWS\System32\UMPDC.dll
0x00007ffd52190000 - 0x00007ffd521e2000 	C:\WINDOWS\System32\shlwapi.dll
0x00007ffd50550000 - 0x00007ffd50567000 	C:\WINDOWS\System32\cryptsp.dll
0x00007ffd10f90000 - 0x00007ffd10fa8000 	D:\programs\Amazon Corretto\jdk16.0.1_9\bin\zip.dll
0x00007ffd0d630000 - 0x00007ffd0d649000 	D:\programs\Amazon Corretto\jdk16.0.1_9\bin\net.dll
0x00007ffd44c40000 - 0x00007ffd44d3a000 	C:\WINDOWS\SYSTEM32\WINHTTP.dll
0x00007ffd4fcd0000 - 0x00007ffd4fd37000 	C:\WINDOWS\system32\mswsock.dll
0x00007ffd0bce0000 - 0x00007ffd0bcf3000 	D:\programs\Amazon Corretto\jdk16.0.1_9\bin\nio.dll
0x00007ffd0b820000 - 0x00007ffd0b83a000 	D:\programs\IntelliJ IDEA 2021.1.2\bin\breakgen64.dll
0x00007ffd13f60000 - 0x00007ffd13f70000 	D:\programs\Amazon Corretto\jdk16.0.1_9\bin\verify.dll
0x00007ffd4f7f0000 - 0x00007ffd4f823000 	C:\WINDOWS\system32\rsaenh.dll
0x00007ffd51610000 - 0x00007ffd51636000 	C:\WINDOWS\System32\bcrypt.dll
0x00007ffd503b0000 - 0x00007ffd503d5000 	C:\WINDOWS\SYSTEM32\USERENV.dll
0x00007ffd4fea0000 - 0x00007ffd4feac000 	C:\WINDOWS\SYSTEM32\CRYPTBASE.dll
0x00007ffd4f9e0000 - 0x00007ffd4fa1a000 	C:\WINDOWS\SYSTEM32\IPHLPAPI.DLL
0x00007ffd51700000 - 0x00007ffd51708000 	C:\WINDOWS\System32\NSI.dll
0x00007ffd48ea0000 - 0x00007ffd48eb6000 	C:\WINDOWS\SYSTEM32\dhcpcsvc6.DLL
0x00007ffd49540000 - 0x00007ffd4955c000 	C:\WINDOWS\SYSTEM32\dhcpcsvc.DLL
0x00007ffd4fa30000 - 0x00007ffd4fafb000 	C:\WINDOWS\SYSTEM32\DNSAPI.dll
0x00007ffd0d5b0000 - 0x00007ffd0d5ba000 	C:\Users\leona\AppData\Local\Temp\jansi-1.17.1-2511763345740222649.dll
0x00007ffd0bcd0000 - 0x00007ffd0bcda000 	C:\Users\leona\AppData\Local\Temp\jansi-1.17.1-13940516934104703756.dll

dbghelp: loaded successfully - version: 4.0.5 - missing functions: none
symbol engine: initialized successfully - sym options: 0x614 - pdb path: .;D:\programs\Amazon Corretto\jdk16.0.1_9\bin;C:\WINDOWS\SYSTEM32;C:\WINDOWS\WinSxS\amd64_microsoft.windows.common-controls_6595b64144ccf1df_6.0.18362.1556_none_9e7e372fe45e41d5;D:\programs\Amazon Corretto\jdk16.0.1_9\bin\server;D:\programs\IntelliJ IDEA 2021.1.2\bin;C:\Users\leona\AppData\Local\Temp

VM Arguments:
jvm_args: -Dmaven.multiModuleProjectDirectory=D:\projects\java\Base de datos -Dmaven.home=D:\programs\IntelliJ IDEA 2021.1.2\plugins\maven\lib\maven3 -Dclassworlds.conf=D:\programs\IntelliJ IDEA 2021.1.2\plugins\maven\lib\maven3\bin\m2.conf -Dmaven.ext.class.path=D:\programs\IntelliJ IDEA 2021.1.2\plugins\maven\lib\maven-event-listener.jar -javaagent:D:\programs\IntelliJ IDEA 2021.1.2\lib\idea_rt.jar=63774:D:\programs\IntelliJ IDEA 2021.1.2\bin -Dfile.encoding=UTF-8 
java_command: org.codehaus.classworlds.Launcher -Didea.version=2021.1.2 com.gluonhq:gluonfx-maven-plugin:1.0.3:install
java_class_path (initial): D:\programs\IntelliJ IDEA 2021.1.2\plugins\maven\lib\maven3\boot\plexus-classworlds-2.6.0.jar;D:\programs\IntelliJ IDEA 2021.1.2\plugins\maven\lib\maven3\boot\plexus-classworlds.license
Launcher Type: SUN_STANDARD

[Global flags]
     intx CICompilerCount                          = 2                                         {product} {ergonomic}
     uint ConcGCThreads                            = 1                                         {product} {ergonomic}
     uint G1ConcRefinementThreads                  = 2                                         {product} {ergonomic}
   size_t G1HeapRegionSize                         = 1048576                                   {product} {ergonomic}
    uintx GCDrainStackTargetSize                   = 64                                        {product} {ergonomic}
   size_t InitialHeapSize                          = 100663296                                 {product} {ergonomic}
   size_t MarkStackSize                            = 4194304                                   {product} {ergonomic}
   size_t MaxHeapSize                              = 1606418432                                {product} {ergonomic}
   size_t MaxNewSize                               = 963641344                                 {product} {ergonomic}
   size_t MinHeapDeltaBytes                        = 1048576                                   {product} {ergonomic}
   size_t MinHeapSize                              = 8388608                                   {product} {ergonomic}
    uintx NonNMethodCodeHeapSize                   = 5826188                                {pd product} {ergonomic}
    uintx NonProfiledCodeHeapSize                  = 122916026                              {pd product} {ergonomic}
    uintx ProfiledCodeHeapSize                     = 122916026                              {pd product} {ergonomic}
    uintx ReservedCodeCacheSize                    = 251658240                              {pd product} {ergonomic}
     bool SegmentedCodeCache                       = true                                      {product} {ergonomic}
   size_t SoftMaxHeapSize                          = 1606418432                             {manageable} {ergonomic}
     bool UseCompressedClassPointers               = true                           {product lp64_product} {ergonomic}
     bool UseCompressedOops                        = true                           {product lp64_product} {ergonomic}
     bool UseG1GC                                  = true                                      {product} {ergonomic}
     bool UseLargePagesIndividualAllocation        = false                                  {pd product} {ergonomic}

Logging:
Log output configuration:
 #0: stdout all=warning uptime,level,tags
 #1: stderr all=off uptime,level,tags

Environment Variables:
JAVA_HOME=D:\programs\Amazon Corretto\jdk16.0.1_9
PATH=D:\programs\Amazon Corretto\jdk16.0.1_9\bin;C:\WINDOWS\system32;C:\WINDOWS;C:\WINDOWS\System32\Wbem;C:\WINDOWS\System32\WindowsPowerShell\v1.0\;C:\WINDOWS\System32\OpenSSH\;C:\Program Files\SourceGear\Common\DiffMerge\;D:\Git\cmd;D:\node\;C:\Program Files (x86)\ATI Technologies\ATI.ACE\Core-Static;D:\programs\apache-maven-3.8.1\bin;C:\Users\leona\AppData\Local\Microsoft\WindowsApps;D:\Microsoft VS Code\bin;C:\Users\leona\AppData\Local\GitHubDesktop\bin;C:\Users\leona\AppData\Roaming\npm;D:\platform-tools_r30.0.5-windows\platform-tools;D:\lib\sqlite-tools-win32-x86-3360000;D:\programs\Amazon Corretto\jdk16.0.1_9\bin;
USERNAME=leonardo
OS=Windows_NT
PROCESSOR_IDENTIFIER=Intel64 Family 6 Model 42 Stepping 7, GenuineIntel



---------------  S Y S T E M  ---------------

OS:
 Windows 10 , 64 bit Build 18362 (10.0.18362.1500)
OS uptime: 1 days 23:46 hours

CPU: total 2 (initial active 2) (2 cores per cpu, 1 threads per core) family 6 model 42 stepping 7 microcode 0x2f, cx8, cmov, fxsr, mmx, sse, sse2, sse3, ssse3, sse4.1, sse4.2, popcnt, tsc, tscinvbit, clmul, clflush

Memory: 4k page, system-wide physical 6126M (980M free)
TotalPageFile size 9903M (AvailPageFile size 0M)
current process WorkingSet (physical memory assigned to process): 134M, peak: 140M
current process commit charge ("private bytes"): 197M, peak: 205M

vm_info: OpenJDK 64-Bit Server VM (16.0.1+9) for windows-amd64 JRE (16.0.1+9), built on Apr 20 2021 21:50:36 by "Administrator" with MS VC++ 15.9 (VS2017)

END.
